[2025-01-06T13:20:02.375+0000] {local_task_job_runner.py:123} INFO - ::group::Pre task execution logs
[2025-01-06T13:20:02.418+0000] {taskinstance.py:2613} INFO - Dependencies all met for dep_context=non-requeueable deps ti=<TaskInstance: data_quality_checks_dag.check_missing_values_technician manual__2025-01-06T13:19:50.095086+00:00 [queued]>
[2025-01-06T13:20:02.434+0000] {taskinstance.py:2613} INFO - Dependencies all met for dep_context=requeueable deps ti=<TaskInstance: data_quality_checks_dag.check_missing_values_technician manual__2025-01-06T13:19:50.095086+00:00 [queued]>
[2025-01-06T13:20:02.434+0000] {taskinstance.py:2866} INFO - Starting attempt 1 of 2
[2025-01-06T13:20:02.467+0000] {taskinstance.py:2889} INFO - Executing <Task(PythonOperator): check_missing_values_technician> on 2025-01-06 13:19:50.095086+00:00
[2025-01-06T13:20:02.507+0000] {warnings.py:112} WARNING - /home/***/.local/lib/python3.12/site-packages/***/task/task_runner/standard_task_runner.py:70: DeprecationWarning: This process (pid=118) is multi-threaded, use of fork() may lead to deadlocks in the child.
  pid = os.fork()

[2025-01-06T13:20:02.529+0000] {standard_task_runner.py:72} INFO - Started process 149 to run task
[2025-01-06T13:20:02.509+0000] {standard_task_runner.py:104} INFO - Running: ['***', 'tasks', 'run', 'data_quality_checks_dag', 'check_missing_values_technician', 'manual__2025-01-06T13:19:50.095086+00:00', '--job-id', '42', '--raw', '--subdir', 'DAGS_FOLDER/Data Quality Checks with Logging.py', '--cfg-path', '/tmp/tmp3ppo_3sd']
[2025-01-06T13:20:02.532+0000] {standard_task_runner.py:105} INFO - Job 42: Subtask check_missing_values_technician
[2025-01-06T13:20:08.048+0000] {task_command.py:467} INFO - Running <TaskInstance: data_quality_checks_dag.check_missing_values_technician manual__2025-01-06T13:19:50.095086+00:00 [running]> on host ff2cd35e75e1
[2025-01-06T13:20:08.471+0000] {taskinstance.py:3132} INFO - Exporting env vars: AIRFLOW_CTX_DAG_OWNER='***' AIRFLOW_CTX_DAG_ID='data_quality_checks_dag' AIRFLOW_CTX_TASK_ID='check_missing_values_technician' AIRFLOW_CTX_EXECUTION_DATE='2025-01-06T13:19:50.095086+00:00' AIRFLOW_CTX_TRY_NUMBER='1' AIRFLOW_CTX_DAG_RUN_ID='manual__2025-01-06T13:19:50.095086+00:00'
[2025-01-06T13:20:08.523+0000] {logging_mixin.py:190} INFO - Task instance is in running state
[2025-01-06T13:20:08.535+0000] {logging_mixin.py:190} INFO -  Previous state of the Task instance: queued
[2025-01-06T13:20:08.540+0000] {logging_mixin.py:190} INFO - Current task name:check_missing_values_technician state:running start_date:2025-01-06 13:20:02.419533+00:00
[2025-01-06T13:20:08.543+0000] {logging_mixin.py:190} INFO - Dag name:data_quality_checks_dag and current dag run status:running
[2025-01-06T13:20:08.556+0000] {taskinstance.py:731} INFO - ::endgroup::
[2025-01-06T13:20:10.675+0000] {logging_mixin.py:190} INFO - No missing values found in table Technician.
[2025-01-06T13:20:10.743+0000] {python.py:240} INFO - Done. Returned value was: None
[2025-01-06T13:20:11.194+0000] {taskinstance.py:340} INFO - ::group::Post task execution logs
[2025-01-06T13:20:11.202+0000] {taskinstance.py:352} INFO - Marking task as SUCCESS. dag_id=data_quality_checks_dag, task_id=check_missing_values_technician, run_id=manual__2025-01-06T13:19:50.095086+00:00, execution_date=20250106T131950, start_date=20250106T132002, end_date=20250106T132011
[2025-01-06T13:20:11.363+0000] {logging_mixin.py:190} INFO - Task instance in success state
[2025-01-06T13:20:11.365+0000] {logging_mixin.py:190} INFO -  Previous state of the Task instance: running
[2025-01-06T13:20:11.373+0000] {logging_mixin.py:190} INFO - Dag name:data_quality_checks_dag queued_at:2025-01-06 13:19:50.128685+00:00
[2025-01-06T13:20:11.374+0000] {logging_mixin.py:190} INFO - Task hostname:ff2cd35e75e1 operator:PythonOperator
[2025-01-06T13:20:13.274+0000] {local_task_job_runner.py:266} INFO - Task exited with return code 0
[2025-01-06T13:20:13.548+0000] {taskinstance.py:3895} INFO - 0 downstream tasks scheduled from follow-on schedule check
[2025-01-06T13:20:13.586+0000] {local_task_job_runner.py:245} INFO - ::endgroup::
