[2025-01-06T13:20:18.591+0000] {local_task_job_runner.py:123} INFO - ::group::Pre task execution logs
[2025-01-06T13:20:18.627+0000] {taskinstance.py:2613} INFO - Dependencies all met for dep_context=non-requeueable deps ti=<TaskInstance: data_quality_checks_dag.check_duplicates_products manual__2025-01-06T13:19:50.095086+00:00 [queued]>
[2025-01-06T13:20:18.658+0000] {taskinstance.py:2613} INFO - Dependencies all met for dep_context=requeueable deps ti=<TaskInstance: data_quality_checks_dag.check_duplicates_products manual__2025-01-06T13:19:50.095086+00:00 [queued]>
[2025-01-06T13:20:18.660+0000] {taskinstance.py:2866} INFO - Starting attempt 1 of 2
[2025-01-06T13:20:19.696+0000] {taskinstance.py:2889} INFO - Executing <Task(PythonOperator): check_duplicates_products> on 2025-01-06 13:19:50.095086+00:00
[2025-01-06T13:20:19.763+0000] {warnings.py:112} WARNING - /home/***/.local/lib/python3.12/site-packages/***/task/task_runner/standard_task_runner.py:70: DeprecationWarning: This process (pid=158) is multi-threaded, use of fork() may lead to deadlocks in the child.
  pid = os.fork()

[2025-01-06T13:20:19.789+0000] {standard_task_runner.py:72} INFO - Started process 176 to run task
[2025-01-06T13:20:19.795+0000] {standard_task_runner.py:104} INFO - Running: ['***', 'tasks', 'run', 'data_quality_checks_dag', 'check_duplicates_products', 'manual__2025-01-06T13:19:50.095086+00:00', '--job-id', '50', '--raw', '--subdir', 'DAGS_FOLDER/Data Quality Checks with Logging.py', '--cfg-path', '/tmp/tmp2wt7y6mr']
[2025-01-06T13:20:19.797+0000] {standard_task_runner.py:105} INFO - Job 50: Subtask check_duplicates_products
[2025-01-06T13:20:20.212+0000] {task_command.py:467} INFO - Running <TaskInstance: data_quality_checks_dag.check_duplicates_products manual__2025-01-06T13:19:50.095086+00:00 [running]> on host ff2cd35e75e1
[2025-01-06T13:20:20.450+0000] {taskinstance.py:3132} INFO - Exporting env vars: AIRFLOW_CTX_DAG_OWNER='***' AIRFLOW_CTX_DAG_ID='data_quality_checks_dag' AIRFLOW_CTX_TASK_ID='check_duplicates_products' AIRFLOW_CTX_EXECUTION_DATE='2025-01-06T13:19:50.095086+00:00' AIRFLOW_CTX_TRY_NUMBER='1' AIRFLOW_CTX_DAG_RUN_ID='manual__2025-01-06T13:19:50.095086+00:00'
[2025-01-06T13:20:20.453+0000] {logging_mixin.py:190} INFO - Task instance is in running state
[2025-01-06T13:20:20.454+0000] {logging_mixin.py:190} INFO -  Previous state of the Task instance: queued
[2025-01-06T13:20:20.454+0000] {logging_mixin.py:190} INFO - Current task name:check_duplicates_products state:running start_date:2025-01-06 13:20:18.628933+00:00
[2025-01-06T13:20:20.454+0000] {logging_mixin.py:190} INFO - Dag name:data_quality_checks_dag and current dag run status:running
[2025-01-06T13:20:20.454+0000] {taskinstance.py:731} INFO - ::endgroup::
[2025-01-06T13:20:21.143+0000] {logging_mixin.py:190} INFO - No duplicate rows found in table Products.
[2025-01-06T13:20:21.147+0000] {python.py:240} INFO - Done. Returned value was: None
[2025-01-06T13:20:21.203+0000] {taskinstance.py:340} INFO - ::group::Post task execution logs
[2025-01-06T13:20:21.206+0000] {taskinstance.py:352} INFO - Marking task as SUCCESS. dag_id=data_quality_checks_dag, task_id=check_duplicates_products, run_id=manual__2025-01-06T13:19:50.095086+00:00, execution_date=20250106T131950, start_date=20250106T132018, end_date=20250106T132021
[2025-01-06T13:20:21.224+0000] {logging_mixin.py:190} INFO - Task instance in success state
[2025-01-06T13:20:21.225+0000] {logging_mixin.py:190} INFO -  Previous state of the Task instance: running
[2025-01-06T13:20:21.225+0000] {logging_mixin.py:190} INFO - Dag name:data_quality_checks_dag queued_at:2025-01-06 13:19:50.128685+00:00
[2025-01-06T13:20:21.226+0000] {logging_mixin.py:190} INFO - Task hostname:ff2cd35e75e1 operator:PythonOperator
[2025-01-06T13:20:21.287+0000] {local_task_job_runner.py:266} INFO - Task exited with return code 0
[2025-01-06T13:20:21.335+0000] {local_task_job_runner.py:245} INFO - ::endgroup::
