[2025-01-06T12:42:50.555+0000] {local_task_job_runner.py:123} INFO - ::group::Pre task execution logs
[2025-01-06T12:42:50.561+0000] {taskinstance.py:2613} INFO - Dependencies all met for dep_context=non-requeueable deps ti=<TaskInstance: csv_to_mssql_dag.insert_products manual__2025-01-06T12:42:46.575397+00:00 [queued]>
[2025-01-06T12:42:50.564+0000] {taskinstance.py:2613} INFO - Dependencies all met for dep_context=requeueable deps ti=<TaskInstance: csv_to_mssql_dag.insert_products manual__2025-01-06T12:42:46.575397+00:00 [queued]>
[2025-01-06T12:42:50.564+0000] {taskinstance.py:2866} INFO - Starting attempt 1 of 2
[2025-01-06T12:42:50.568+0000] {taskinstance.py:2889} INFO - Executing <Task(PythonOperator): insert_products> on 2025-01-06 12:42:46.575397+00:00
[2025-01-06T12:42:50.574+0000] {warnings.py:112} WARNING - /home/***/.local/lib/python3.12/site-packages/***/task/task_runner/standard_task_runner.py:70: DeprecationWarning: This process (pid=248) is multi-threaded, use of fork() may lead to deadlocks in the child.
  pid = os.fork()

[2025-01-06T12:42:50.575+0000] {standard_task_runner.py:72} INFO - Started process 256 to run task
[2025-01-06T12:42:50.576+0000] {standard_task_runner.py:104} INFO - Running: ['***', 'tasks', 'run', 'csv_to_mssql_dag', 'insert_products', 'manual__2025-01-06T12:42:46.575397+00:00', '--job-id', '5', '--raw', '--subdir', 'DAGS_FOLDER/csv_to_mssql_dag.py', '--cfg-path', '/tmp/tmp5g_d73cg']
[2025-01-06T12:42:50.577+0000] {standard_task_runner.py:105} INFO - Job 5: Subtask insert_products
[2025-01-06T12:42:50.817+0000] {task_command.py:467} INFO - Running <TaskInstance: csv_to_mssql_dag.insert_products manual__2025-01-06T12:42:46.575397+00:00 [running]> on host 1876f7554d89
[2025-01-06T12:42:50.865+0000] {taskinstance.py:3132} INFO - Exporting env vars: AIRFLOW_CTX_DAG_OWNER='***' AIRFLOW_CTX_DAG_ID='csv_to_mssql_dag' AIRFLOW_CTX_TASK_ID='insert_products' AIRFLOW_CTX_EXECUTION_DATE='2025-01-06T12:42:46.575397+00:00' AIRFLOW_CTX_TRY_NUMBER='1' AIRFLOW_CTX_DAG_RUN_ID='manual__2025-01-06T12:42:46.575397+00:00'
[2025-01-06T12:42:50.866+0000] {logging_mixin.py:190} INFO - Task instance is in running state
[2025-01-06T12:42:50.866+0000] {logging_mixin.py:190} INFO -  Previous state of the Task instance: queued
[2025-01-06T12:42:50.866+0000] {logging_mixin.py:190} INFO - Current task name:insert_products state:running start_date:2025-01-06 12:42:50.561658+00:00
[2025-01-06T12:42:50.866+0000] {logging_mixin.py:190} INFO - Dag name:csv_to_mssql_dag and current dag run status:running
[2025-01-06T12:42:50.867+0000] {taskinstance.py:731} INFO - ::endgroup::
[2025-01-06T12:42:50.907+0000] {logging_mixin.py:190} INFO - Task instance in failure state
[2025-01-06T12:42:50.907+0000] {logging_mixin.py:190} INFO - Task start:2025-01-06 12:42:50.561658+00:00 end:2025-01-06 12:42:50.907355+00:00 duration:0.345697
[2025-01-06T12:42:50.908+0000] {logging_mixin.py:190} INFO - Task:<Task(PythonOperator): insert_products> dag:<DAG: csv_to_mssql_dag> dagrun:<DagRun csv_to_mssql_dag @ 2025-01-06 12:42:46.575397+00:00: manual__2025-01-06T12:42:46.575397+00:00, state:running, queued_at: 2025-01-06 12:42:46.629592+00:00. externally triggered: True>
[2025-01-06T12:42:50.908+0000] {taskinstance.py:1225} INFO - Marking task as UP_FOR_RETRY. dag_id=csv_to_mssql_dag, task_id=insert_products, run_id=manual__2025-01-06T12:42:46.575397+00:00, execution_date=20250106T124246, start_date=20250106T124250, end_date=20250106T124250
[2025-01-06T12:42:50.927+0000] {taskinstance.py:340} INFO - ::group::Post task execution logs
[2025-01-06T12:42:50.928+0000] {taskinstance.py:3895} INFO - 0 downstream tasks scheduled from follow-on schedule check
[2025-01-06T12:42:50.929+0000] {local_task_job_runner.py:245} INFO - ::endgroup::
[2025-01-06T12:42:50.930+0000] {taskinstance.py:3895} INFO - 0 downstream tasks scheduled from follow-on schedule check
[2025-01-06T12:42:50.930+0000] {local_task_job_runner.py:245} INFO - ::endgroup::
[2025-01-06T12:42:50.930+0000] {taskinstance.py:3895} INFO - 0 downstream tasks scheduled from follow-on schedule check
[2025-01-06T12:42:50.930+0000] {local_task_job_runner.py:245} INFO - ::endgroup::
[2025-01-06T12:42:50.930+0000] {taskinstance.py:3895} INFO - 0 downstream tasks scheduled from follow-on schedule check
[2025-01-06T12:42:50.930+0000] {local_task_job_runner.py:245} INFO - ::endgroup::
[2025-01-06T12:42:50.930+0000] {taskinstance.py:3895} INFO - 0 downstream tasks scheduled from follow-on schedule check
[2025-01-06T12:42:50.930+0000] {local_task_job_runner.py:245} INFO - ::endgroup::
[2025-01-06T12:42:50.930+0000] {taskinstance.py:3895} INFO - 0 downstream tasks scheduled from follow-on schedule check
[2025-01-06T12:42:50.930+0000] {local_task_job_runner.py:245} INFO - ::endgroup::
[2025-01-06T12:42:50.930+0000] {taskinstance.py:3895} INFO - 0 downstream tasks scheduled from follow-on schedule check
[2025-01-06T12:42:50.930
[2025-01-06T12:42:51.115+0000] {taskinstance.py:3895} INFO - 0 downstream tasks scheduled from follow-on schedule check
[2025-01-06T12:42:51.116+0000] {local_task_job_runner.py:245} INFO - ::endgroup::
