[2025-01-06T12:47:52.838+0000] {local_task_job_runner.py:123} INFO - ::group::Pre task execution logs
[2025-01-06T12:47:52.845+0000] {taskinstance.py:2613} INFO - Dependencies all met for dep_context=non-requeueable deps ti=<TaskInstance: csv_to_mssql_dag.insert_products manual__2025-01-06T12:42:46.575397+00:00 [queued]>
[2025-01-06T12:47:52.848+0000] {taskinstance.py:2613} INFO - Dependencies all met for dep_context=requeueable deps ti=<TaskInstance: csv_to_mssql_dag.insert_products manual__2025-01-06T12:42:46.575397+00:00 [queued]>
[2025-01-06T12:47:52.849+0000] {taskinstance.py:2866} INFO - Starting attempt 2 of 2
[2025-01-06T12:47:52.854+0000] {taskinstance.py:2889} INFO - Executing <Task(PythonOperator): insert_products> on 2025-01-06 12:42:46.575397+00:00
[2025-01-06T12:47:52.858+0000] {warnings.py:112} WARNING - /home/***/.local/lib/python3.12/site-packages/***/task/task_runner/standard_task_runner.py:70: DeprecationWarning: This process (pid=322) is multi-threaded, use of fork() may lead to deadlocks in the child.
  pid = os.fork()

[2025-01-06T12:47:52.860+0000] {standard_task_runner.py:72} INFO - Started process 323 to run task
[2025-01-06T12:47:52.860+0000] {standard_task_runner.py:104} INFO - Running: ['***', 'tasks', 'run', 'csv_to_mssql_dag', 'insert_products', 'manual__2025-01-06T12:42:46.575397+00:00', '--job-id', '6', '--raw', '--subdir', 'DAGS_FOLDER/csv_to_mssql_dag.py', '--cfg-path', '/tmp/tmpixtuh84f']
[2025-01-06T12:47:52.861+0000] {standard_task_runner.py:105} INFO - Job 6: Subtask insert_products
[2025-01-06T12:47:53.193+0000] {task_command.py:467} INFO - Running <TaskInstance: csv_to_mssql_dag.insert_products manual__2025-01-06T12:42:46.575397+00:00 [running]> on host 1876f7554d89
[2025-01-06T12:47:53.233+0000] {taskinstance.py:3132} INFO - Exporting env vars: AIRFLOW_CTX_DAG_OWNER='***' AIRFLOW_CTX_DAG_ID='csv_to_mssql_dag' AIRFLOW_CTX_TASK_ID='insert_products' AIRFLOW_CTX_EXECUTION_DATE='2025-01-06T12:42:46.575397+00:00' AIRFLOW_CTX_TRY_NUMBER='2' AIRFLOW_CTX_DAG_RUN_ID='manual__2025-01-06T12:42:46.575397+00:00'
[2025-01-06T12:47:53.233+0000] {logging_mixin.py:190} INFO - Task instance is in running state
[2025-01-06T12:47:53.233+0000] {logging_mixin.py:190} INFO -  Previous state of the Task instance: queued
[2025-01-06T12:47:53.233+0000] {logging_mixin.py:190} INFO - Current task name:insert_products state:running start_date:2025-01-06 12:47:52.845966+00:00
[2025-01-06T12:47:53.233+0000] {logging_mixin.py:190} INFO - Dag name:csv_to_mssql_dag and current dag run status:running
[2025-01-06T12:47:53.234+0000] {taskinstance.py:731} INFO - ::endgroup::
[2025-01-06T12:47:53.274+0000] {logging_mixin.py:190} INFO - Task instance in failure state
[2025-01-06T12:47:53.274+0000] {logging_mixin.py:190} INFO - Task start:2025-01-06 12:47:52.845966+00:00 end:2025-01-06 12:47:53.274000+00:00 duration:0.428034
[2025-01-06T12:47:53.274+0000] {logging_mixin.py:190} INFO - Task:<Task(PythonOperator): insert_products> dag:<DAG: csv_to_mssql_dag> dagrun:<DagRun csv_to_mssql_dag @ 2025-01-06 12:42:46.575397+00:00: manual__2025-01-06T12:42:46.575397+00:00, state:running, queued_at: 2025-01-06 12:42:46.629592+00:00. externally triggered: True>
[2025-01-06T12:47:53.274+0000] {taskinstance.py:1225} INFO - Marking task as UP_FOR_RETRY. dag_id=csv_to_mssql_dag, task_id=insert_products, run_id=manual__2025-01-06T12:42:46
[2025-01-06T12:47:53.370+0000] {taskinstance.py:3895} INFO - 0 downstream tasks scheduled from follow-on schedule check
[2025-01-06T12:47:53.372+0000] {local_task_job_runner.py:245} INFO - ::endgroup::
