[2025-01-06T13:48:46.240+0000] {local_task_job_runner.py:123} INFO - ::group::Pre task execution logs
[2025-01-06T13:48:46.247+0000] {taskinstance.py:2613} INFO - Dependencies all met for dep_context=non-requeueable deps ti=<TaskInstance: data_transformation_dag.transform_engine_orders manual__2025-01-06T13:48:44.546016+00:00 [queued]>
[2025-01-06T13:48:46.250+0000] {taskinstance.py:2613} INFO - Dependencies all met for dep_context=requeueable deps ti=<TaskInstance: data_transformation_dag.transform_engine_orders manual__2025-01-06T13:48:44.546016+00:00 [queued]>
[2025-01-06T13:48:46.250+0000] {taskinstance.py:2866} INFO - Starting attempt 1 of 2
[2025-01-06T13:48:46.354+0000] {taskinstance.py:2889} INFO - Executing <Task(PythonOperator): transform_engine_orders> on 2025-01-06 13:48:44.546016+00:00
[2025-01-06T13:48:46.360+0000] {warnings.py:112} WARNING - /home/***/.local/lib/python3.12/site-packages/***/task/task_runner/standard_task_runner.py:70: DeprecationWarning: This process (pid=98) is multi-threaded, use of fork() may lead to deadlocks in the child.
  pid = os.fork()

[2025-01-06T13:48:46.362+0000] {standard_task_runner.py:72} INFO - Started process 99 to run task
[2025-01-06T13:48:46.362+0000] {standard_task_runner.py:104} INFO - Running: ['***', 'tasks', 'run', 'data_transformation_dag', 'transform_engine_orders', 'manual__2025-01-06T13:48:44.546016+00:00', '--job-id', '55', '--raw', '--subdir', 'DAGS_FOLDER/Data Transformation.py', '--cfg-path', '/tmp/tmp79yrn7yk']
[2025-01-06T13:48:46.364+0000] {standard_task_runner.py:105} INFO - Job 55: Subtask transform_engine_orders
[2025-01-06T13:48:46.395+0000] {task_command.py:467} INFO - Running <TaskInstance: data_transformation_dag.transform_engine_orders manual__2025-01-06T13:48:44.546016+00:00 [running]> on host ff2cd35e75e1
[2025-01-06T13:48:46.455+0000] {taskinstance.py:3132} INFO - Exporting env vars: AIRFLOW_CTX_DAG_OWNER='***' AIRFLOW_CTX_DAG_ID='data_transformation_dag' AIRFLOW_CTX_TASK_ID='transform_engine_orders' AIRFLOW_CTX_EXECUTION_DATE='2025-01-06T13:48:44.546016+00:00' AIRFLOW_CTX_TRY_NUMBER='1' AIRFLOW_CTX_DAG_RUN_ID='manual__2025-01-06T13:48:44.546016+00:00'
[2025-01-06T13:48:46.456+0000] {logging_mixin.py:190} INFO - Task instance is in running state
[2025-01-06T13:48:46.457+0000] {logging_mixin.py:190} INFO -  Previous state of the Task instance: queued
[2025-01-06T13:48:46.457+0000] {logging_mixin.py:190} INFO - Current task name:transform_engine_orders state:running start_date:2025-01-06 13:48:46.247722+00:00
[2025-01-06T13:48:46.457+0000] {logging_mixin.py:190} INFO - Dag name:data_transformation_dag and current dag run status:running
[2025-01-06T13:48:46.458+0000] {taskinstance.py:731} INFO - ::endgroup::
[2025-01-06T13:48:53.174+0000] {logging_mixin.py:190} INFO - Aggregated Engine Orders saved to database.
[2025-01-06T13:48:53.178+0000] {python.py:240} INFO - Done. Returned value was: None
[2025-01-06T13:48:53.199+0000] {taskinstance.py:340} INFO - ::group::Post task execution logs
[2025-01-06T13:48:53.199+0000] {taskinstance.py:352} INFO - Marking task as SUCCESS. dag_id=data_transformation_dag, task_id=transform_engine_orders, run_id=manual__2025-01-06T13:48:44.546016+00:00, execution_date=20250106T134844, start_date=20250106T134846, end_date=20250106T134853
[2025-01-06T13:48:53.211+0000] {logging_mixin.py:190} INFO - Task instance in success state
[2025-01-06T13:48:53.212+0000] {logging_mixin.py:190} INFO -  Previous state of the Task instance: running
[2025-01-06T13:48:53.212+0000] {logging_mixin.py:190} INFO - Dag name:data_transformation_dag queued_at:2025-01-06 13:48:44.566392+00:00
[2025-01-06T13:48:53.212+0000] {logging_mixin.py:190} INFO - Task hostname:ff2cd35e75e1 operator:PythonOperator
[2025-01-06T13:48:53.274+0000] {local_task_job_runner.py:266} INFO - Task exited with return code 0
[2025-01-06T13:48:53.296+0000] {taskinstance.py:3895} INFO - 0 downstream tasks scheduled from follow-on schedule check
[2025-01-06T13:48:53.298+0000] {local_task_job_runner.py:245} INFO - ::endgroup::
