[2025-01-06T12:55:28.451+0000] {local_task_job_runner.py:123} INFO - ::group::Pre task execution logs
[2025-01-06T12:55:28.461+0000] {taskinstance.py:2613} INFO - Dependencies all met for dep_context=non-requeueable deps ti=<TaskInstance: csv_to_mssql_dag.insert_engine manual__2025-01-06T12:55:04.265552+00:00 [queued]>
[2025-01-06T12:55:28.465+0000] {taskinstance.py:2613} INFO - Dependencies all met for dep_context=requeueable deps ti=<TaskInstance: csv_to_mssql_dag.insert_engine manual__2025-01-06T12:55:04.265552+00:00 [queued]>
[2025-01-06T12:55:28.465+0000] {taskinstance.py:2866} INFO - Starting attempt 1 of 2
[2025-01-06T12:55:28.472+0000] {taskinstance.py:2889} INFO - Executing <Task(PythonOperator): insert_engine> on 2025-01-06 12:55:04.265552+00:00
[2025-01-06T12:55:28.479+0000] {warnings.py:112} WARNING - /home/***/.local/lib/python3.12/site-packages/***/task/task_runner/standard_task_runner.py:70: DeprecationWarning: This process (pid=105) is multi-threaded, use of fork() may lead to deadlocks in the child.
  pid = os.fork()

[2025-01-06T12:55:28.480+0000] {standard_task_runner.py:72} INFO - Started process 106 to run task
[2025-01-06T12:55:28.480+0000] {standard_task_runner.py:104} INFO - Running: ['***', 'tasks', 'run', 'csv_to_mssql_dag', 'insert_engine', 'manual__2025-01-06T12:55:04.265552+00:00', '--job-id', '12', '--raw', '--subdir', 'DAGS_FOLDER/csv_to_mssql_dag.py', '--cfg-path', '/tmp/tmpkgiwifd8']
[2025-01-06T12:55:28.481+0000] {standard_task_runner.py:105} INFO - Job 12: Subtask insert_engine
[2025-01-06T12:55:28.675+0000] {task_command.py:467} INFO - Running <TaskInstance: csv_to_mssql_dag.insert_engine manual__2025-01-06T12:55:04.265552+00:00 [running]> on host ff2cd35e75e1
[2025-01-06T12:55:28.711+0000] {taskinstance.py:3132} INFO - Exporting env vars: AIRFLOW_CTX_DAG_OWNER='***' AIRFLOW_CTX_DAG_ID='csv_to_mssql_dag' AIRFLOW_CTX_TASK_ID='insert_engine' AIRFLOW_CTX_EXECUTION_DATE='2025-01-06T12:55:04.265552+00:00' AIRFLOW_CTX_TRY_NUMBER='1' AIRFLOW_CTX_DAG_RUN_ID='manual__2025-01-06T12:55:04.265552+00:00'
[2025-01-06T12:55:28.712+0000] {logging_mixin.py:190} INFO - Task instance is in running state
[2025-01-06T12:55:28.712+0000] {logging_mixin.py:190} INFO -  Previous state of the Task instance: queued
[2025-01-06T12:55:28.712+0000] {logging_mixin.py:190} INFO - Current task name:insert_engine state:running start_date:2025-01-06 12:55:28.461404+00:00
[2025-01-06T12:55:28.712+0000] {logging_mixin.py:190} INFO - Dag name:csv_to_mssql_dag and current dag run status:running
[2025-01-06T12:55:28.712+0000] {taskinstance.py:731} INFO - ::endgroup::
[2025-01-06T12:55:28.719+0000] {logging_mixin.py:190} INFO - Loaded data from /opt/***/data/Aircraft_Engines.csv with 100 rows.
[2025-01-06T12:55:32.466+0000] {logging_mixin.py:190} INFO - Data from Aircraft_Engines.csv inserted into Engine.
[2025-01-06T12:55:32.471+0000] {python.py:240} INFO - Done. Returned value was: None
[2025-01-06T12:55:32.502+0000] {taskinstance.py:340} INFO - ::group::Post task execution logs
[2025-01-06T12:55:32.503+0000] {taskinstance.py:352} INFO - Marking task as SUCCESS. dag_id=csv_to_mssql_dag, task_id=insert_engine, run_id=manual__2025-01-06T12:55:04.265552+00:00, execution_date=20250106T125504, start_date=20250106T125528, end_date=20250106T125532
[2025-01-06T12:55:32.522+0000] {logging_mixin.py:190} INFO - Task instance in success state
[2025-01-06T12:55:32.522+0000] {logging_mixin.py:190} INFO -  Previous state of the Task instance: running
[2025-01-06T12:55:32.522+0000] {logging_mixin.py:190} INFO - Dag name:csv_to_mssql_dag queued_at:2025-01-06 12:55:04.279217+00:00
[2025-01-06T12:55:32.523+0000] {logging_mixin.py:190} INFO - Task hostname:ff2cd35e75e1 operator:PythonOperator
[2025-01-06T12:55:32.564+0000] {local_task_job_runner.py:266} INFO - Task exited with return code 0
[2025-01-06T12:55:32.859+0000] {taskinstance.py:3895} INFO - 0 downstream tasks scheduled from follow-on schedule check
[2025-01-06T12:55:32.860+0000] {local_task_job_runner.py:245} INFO - ::endgroup::
