[2025-01-06T13:19:53.590+0000] {local_task_job_runner.py:123} INFO - ::group::Pre task execution logs
[2025-01-06T13:19:53.601+0000] {taskinstance.py:2613} INFO - Dependencies all met for dep_context=non-requeueable deps ti=<TaskInstance: data_quality_checks_dag.create_issues_table manual__2025-01-06T13:19:50.095086+00:00 [queued]>
[2025-01-06T13:19:53.609+0000] {taskinstance.py:2613} INFO - Dependencies all met for dep_context=requeueable deps ti=<TaskInstance: data_quality_checks_dag.create_issues_table manual__2025-01-06T13:19:50.095086+00:00 [queued]>
[2025-01-06T13:19:53.613+0000] {taskinstance.py:2866} INFO - Starting attempt 1 of 2
[2025-01-06T13:19:53.629+0000] {taskinstance.py:2889} INFO - Executing <Task(PythonOperator): create_issues_table> on 2025-01-06 13:19:50.095086+00:00
[2025-01-06T13:19:53.636+0000] {warnings.py:112} WARNING - /home/***/.local/lib/python3.12/site-packages/***/task/task_runner/standard_task_runner.py:70: DeprecationWarning: This process (pid=98) is multi-threaded, use of fork() may lead to deadlocks in the child.
  pid = os.fork()

[2025-01-06T13:19:53.640+0000] {standard_task_runner.py:72} INFO - Started process 101 to run task
[2025-01-06T13:19:53.638+0000] {standard_task_runner.py:104} INFO - Running: ['***', 'tasks', 'run', 'data_quality_checks_dag', 'create_issues_table', 'manual__2025-01-06T13:19:50.095086+00:00', '--job-id', '26', '--raw', '--subdir', 'DAGS_FOLDER/Data Quality Checks with Logging.py', '--cfg-path', '/tmp/tmp6rdm7mjt']
[2025-01-06T13:19:53.641+0000] {standard_task_runner.py:105} INFO - Job 26: Subtask create_issues_table
[2025-01-06T13:19:54.848+0000] {task_command.py:467} INFO - Running <TaskInstance: data_quality_checks_dag.create_issues_table manual__2025-01-06T13:19:50.095086+00:00 [running]> on host ff2cd35e75e1
[2025-01-06T13:19:54.979+0000] {taskinstance.py:3132} INFO - Exporting env vars: AIRFLOW_CTX_DAG_OWNER='***' AIRFLOW_CTX_DAG_ID='data_quality_checks_dag' AIRFLOW_CTX_TASK_ID='create_issues_table' AIRFLOW_CTX_EXECUTION_DATE='2025-01-06T13:19:50.095086+00:00' AIRFLOW_CTX_TRY_NUMBER='1' AIRFLOW_CTX_DAG_RUN_ID='manual__2025-01-06T13:19:50.095086+00:00'
[2025-01-06T13:19:54.981+0000] {logging_mixin.py:190} INFO - Task instance is in running state
[2025-01-06T13:19:54.982+0000] {logging_mixin.py:190} INFO -  Previous state of the Task instance: queued
[2025-01-06T13:19:54.983+0000] {logging_mixin.py:190} INFO - Current task name:create_issues_table state:running start_date:2025-01-06 13:19:53.602037+00:00
[2025-01-06T13:19:54.984+0000] {logging_mixin.py:190} INFO - Dag name:data_quality_checks_dag and current dag run status:running
[2025-01-06T13:19:54.989+0000] {taskinstance.py:731} INFO - ::endgroup::
[2025-01-06T13:19:55.547+0000] {python.py:240} INFO - Done. Returned value was: None
[2025-01-06T13:19:55.580+0000] {taskinstance.py:340} INFO - ::group::Post task execution logs
[2025-01-06T13:19:55.581+0000] {taskinstance.py:352} INFO - Marking task as SUCCESS. dag_id=data_quality_checks_dag, task_id=create_issues_table, run_id=manual__2025-01-06T13:19:50.095086+00:00, execution_date=20250106T131950, start_date=20250106T131953, end_date=20250106T131955
[2025-01-06T13:19:55.605+0000] {logging_mixin.py:190} INFO - Task instance in success state
[2025-01-06T13:19:55.606+0000] {logging_mixin.py:190} INFO -  Previous state of the Task instance: running
[2025-01-06T13:19:55.607+0000] {logging_mixin.py:190} INFO - Dag name:data_quality_checks_dag queued_at:2025-01-06 13:19:50.128685+00:00
[2025-01-06T13:19:55.607+0000] {logging_mixin.py:190} INFO - Task hostname:ff2cd35e75e1 operator:PythonOperator
[2025-01-06T13:19:55.687+0000] {local_task_job_runner.py:266} INFO - Task exited with return code 0
[2025-01-06T13:19:56.302+0000] {taskinstance.py:3895} INFO - 7 downstream tasks scheduled from follow-on schedule check
[2025-01-06T13:19:56.307+0000] {local_task_job_runner.py:245} INFO - ::endgroup::
