[2025-01-06T14:10:49.871+0000] {local_task_job_runner.py:123} INFO - ::group::Pre task execution logs
[2025-01-06T14:10:49.877+0000] {taskinstance.py:2613} INFO - Dependencies all met for dep_context=non-requeueable deps ti=<TaskInstance: report_generation_dag.generate_monthly_report manual__2025-01-06T14:10:48.521557+00:00 [queued]>
[2025-01-06T14:10:49.880+0000] {taskinstance.py:2613} INFO - Dependencies all met for dep_context=requeueable deps ti=<TaskInstance: report_generation_dag.generate_monthly_report manual__2025-01-06T14:10:48.521557+00:00 [queued]>
[2025-01-06T14:10:49.880+0000] {taskinstance.py:2866} INFO - Starting attempt 1 of 2
[2025-01-06T14:10:49.964+0000] {taskinstance.py:2889} INFO - Executing <Task(PythonOperator): generate_monthly_report> on 2025-01-06 14:10:48.521557+00:00
[2025-01-06T14:10:49.969+0000] {warnings.py:112} WARNING - /home/***/.local/lib/python3.12/site-packages/***/task/task_runner/standard_task_runner.py:70: DeprecationWarning: This process (pid=88) is multi-threaded, use of fork() may lead to deadlocks in the child.
  pid = os.fork()

[2025-01-06T14:10:49.970+0000] {standard_task_runner.py:72} INFO - Started process 89 to run task
[2025-01-06T14:10:49.971+0000] {standard_task_runner.py:104} INFO - Running: ['***', 'tasks', 'run', 'report_generation_dag', 'generate_monthly_report', 'manual__2025-01-06T14:10:48.521557+00:00', '--job-id', '68', '--raw', '--subdir', 'DAGS_FOLDER/report_generation_dag.py', '--cfg-path', '/tmp/tmpy4htgh67']
[2025-01-06T14:10:49.972+0000] {standard_task_runner.py:105} INFO - Job 68: Subtask generate_monthly_report
[2025-01-06T14:10:50.005+0000] {task_command.py:467} INFO - Running <TaskInstance: report_generation_dag.generate_monthly_report manual__2025-01-06T14:10:48.521557+00:00 [running]> on host ff2cd35e75e1
[2025-01-06T14:10:50.047+0000] {taskinstance.py:3132} INFO - Exporting env vars: AIRFLOW_CTX_DAG_OWNER='***' AIRFLOW_CTX_DAG_ID='report_generation_dag' AIRFLOW_CTX_TASK_ID='generate_monthly_report' AIRFLOW_CTX_EXECUTION_DATE='2025-01-06T14:10:48.521557+00:00' AIRFLOW_CTX_TRY_NUMBER='1' AIRFLOW_CTX_DAG_RUN_ID='manual__2025-01-06T14:10:48.521557+00:00'
[2025-01-06T14:10:50.048+0000] {logging_mixin.py:190} INFO - Task instance is in running state
[2025-01-06T14:10:50.048+0000] {logging_mixin.py:190} INFO -  Previous state of the Task instance: queued
[2025-01-06T14:10:50.048+0000] {logging_mixin.py:190} INFO - Current task name:generate_monthly_report state:running start_date:2025-01-06 14:10:49.877859+00:00
[2025-01-06T14:10:50.048+0000] {logging_mixin.py:190} INFO - Dag name:report_generation_dag and current dag run status:running
[2025-01-06T14:10:50.048+0000] {taskinstance.py:731} INFO - ::endgroup::
[2025-01-06T14:10:50.677+0000] {logging_mixin.py:190} INFO -    technician_id  engine_id  total_actions last_maintenance_date
0             22          1              1            2024-11-29
1            146          3              1            2024-05-10
2            159          3              1            2024-09-14
3             58          4              1            2024-02-18
4             75          4              1            2024-03-20
[2025-01-06T14:10:50.677+0000] {logging_mixin.py:190} INFO - Report rows: 298
[2025-01-06T14:10:50.677+0000] {logging_mixin.py:190} INFO - Saving report to: /opt/***/reports/monthly_maintenance_report.csv
[2025-01-06T14:10:50.685+0000] {logging_mixin.py:190} INFO - Monthly maintenance report saved to /opt/***/reports/monthly_maintenance_report.csv.
[2025-01-06T14:10:50.686+0000] {python.py:240} INFO - Done. Returned value was: None
[2025-01-06T14:10:50.692+0000] {taskinstance.py:340} INFO - ::group::Post task execution logs
[2025-01-06T14:10:50.692+0000] {taskinstance.py:352} INFO - Marking task as SUCCESS. dag_id=report_generation_dag, task_id=generate_monthly_report, run_id=manual__2025-01-06T14:10:48.521557+00:00, execution_date=20250106T141048, start_date=20250106T141049, end_date=20250106T141050
[2025-01-06T14:10:50.700+0000] {logging_mixin.py:190} INFO - Task instance in success state
[2025-01-06T14:10:50.700+0000] {logging_mixin.py:190} INFO -  Previous state of the Task instance: running
[2025-01-06T14:10:50.701+0000] {logging_mixin.py:190} INFO - Dag name:report_generation_dag queued_at:2025-01-06 14:10:48.535501+00:00
[2025-01-06T14:10:50.701+0000] {logging_mixin.py:190} INFO - Task hostname:ff2cd35e75e1 operator:PythonOperator
[2025-01-06T14:10:50.738+0000] {local_task_job_runner.py:266} INFO - Task exited with return code 0
[2025-01-06T14:10:50.750+0000] {taskinstance.py:3895} INFO - 0 downstream tasks scheduled from follow-on schedule check
[2025-01-06T14:10:50.751+0000] {local_task_job_runner.py:245} INFO - ::endgroup::
