[2025-01-06T13:19:53.561+0000] {local_task_job_runner.py:123} INFO - ::group::Pre task execution logs
[2025-01-06T13:19:53.586+0000] {taskinstance.py:2613} INFO - Dependencies all met for dep_context=non-requeueable deps ti=<TaskInstance: data_quality_checks_dag.check_missing_values_shipments scheduled__2025-01-06T00:00:00+00:00 [queued]>
[2025-01-06T13:19:53.596+0000] {taskinstance.py:2613} INFO - Dependencies all met for dep_context=requeueable deps ti=<TaskInstance: data_quality_checks_dag.check_missing_values_shipments scheduled__2025-01-06T00:00:00+00:00 [queued]>
[2025-01-06T13:19:53.596+0000] {taskinstance.py:2866} INFO - Starting attempt 1 of 2
[2025-01-06T13:19:53.608+0000] {taskinstance.py:2889} INFO - Executing <Task(PythonOperator): check_missing_values_shipments> on 2025-01-06 00:00:00+00:00
[2025-01-06T13:19:53.636+0000] {standard_task_runner.py:104} INFO - Running: ['***', 'tasks', 'run', 'data_quality_checks_dag', 'check_missing_values_shipments', 'scheduled__2025-01-06T00:00:00+00:00', '--job-id', '23', '--raw', '--subdir', 'DAGS_FOLDER/Data Quality Checks with Logging.py', '--cfg-path', '/tmp/tmpzfo_wwtq']
[2025-01-06T13:19:53.640+0000] {standard_task_runner.py:105} INFO - Job 23: Subtask check_missing_values_shipments
[2025-01-06T13:19:53.638+0000] {warnings.py:112} WARNING - /home/***/.local/lib/python3.12/site-packages/***/task/task_runner/standard_task_runner.py:70: DeprecationWarning: This process (pid=93) is multi-threaded, use of fork() may lead to deadlocks in the child.
  pid = os.fork()

[2025-01-06T13:19:53.642+0000] {standard_task_runner.py:72} INFO - Started process 100 to run task
[2025-01-06T13:19:54.852+0000] {task_command.py:467} INFO - Running <TaskInstance: data_quality_checks_dag.check_missing_values_shipments scheduled__2025-01-06T00:00:00+00:00 [running]> on host ff2cd35e75e1
[2025-01-06T13:19:54.975+0000] {taskinstance.py:3132} INFO - Exporting env vars: AIRFLOW_CTX_DAG_OWNER='***' AIRFLOW_CTX_DAG_ID='data_quality_checks_dag' AIRFLOW_CTX_TASK_ID='check_missing_values_shipments' AIRFLOW_CTX_EXECUTION_DATE='2025-01-06T00:00:00+00:00' AIRFLOW_CTX_TRY_NUMBER='1' AIRFLOW_CTX_DAG_RUN_ID='scheduled__2025-01-06T00:00:00+00:00'
[2025-01-06T13:19:54.977+0000] {logging_mixin.py:190} INFO - Task instance is in running state
[2025-01-06T13:19:54.978+0000] {logging_mixin.py:190} INFO -  Previous state of the Task instance: queued
[2025-01-06T13:19:54.979+0000] {logging_mixin.py:190} INFO - Current task name:check_missing_values_shipments state:running start_date:2025-01-06 13:19:53.587581+00:00
[2025-01-06T13:19:54.979+0000] {logging_mixin.py:190} INFO - Dag name:data_quality_checks_dag and current dag run status:running
[2025-01-06T13:19:54.980+0000] {taskinstance.py:731} INFO - ::endgroup::
[2025-01-06T13:19:55.638+0000] {logging_mixin.py:190} INFO - No missing values found in table Shipments.
[2025-01-06T13:19:55.641+0000] {python.py:240} INFO - Done. Returned value was: None
[2025-01-06T13:19:55.661+0000] {taskinstance.py:340} INFO - ::group::Post task execution logs
[2025-01-06T13:19:55.661+0000] {taskinstance.py:352} INFO - Marking task as SUCCESS. dag_id=data_quality_checks_dag, task_id=check_missing_values_shipments, run_id=scheduled__2025-01-06T00:00:00+00:00, execution_date=20250106T000000, start_date=20250106T131953, end_date=20250106T131955
[2025-01-06T13:19:55.673+0000] {logging_mixin.py:190} INFO - Task instance in success state
[2025-01-06T13:19:55.674+0000] {logging_mixin.py:190} INFO -  Previous state of the Task instance: running
[2025-01-06T13:19:55.675+0000] {logging_mixin.py:190} INFO - Dag name:data_quality_checks_dag queued_at:2025-01-06 13:19:48.085092+00:00
[2025-01-06T13:19:55.676+0000] {logging_mixin.py:190} INFO - Task hostname:ff2cd35e75e1 operator:PythonOperator
[2025-01-06T13:19:55.751+0000] {local_task_job_runner.py:266} INFO - Task exited with return code 0
[2025-01-06T13:19:55.846+0000] {local_task_job_runner.py:245} INFO - ::endgroup::
