[2025-01-06T12:55:50.909+0000] {local_task_job_runner.py:123} INFO - ::group::Pre task execution logs
[2025-01-06T12:55:50.917+0000] {taskinstance.py:2613} INFO - Dependencies all met for dep_context=non-requeueable deps ti=<TaskInstance: csv_to_mssql_dag.insert_shipments manual__2025-01-06T12:55:04.265552+00:00 [queued]>
[2025-01-06T12:55:50.922+0000] {taskinstance.py:2613} INFO - Dependencies all met for dep_context=requeueable deps ti=<TaskInstance: csv_to_mssql_dag.insert_shipments manual__2025-01-06T12:55:04.265552+00:00 [queued]>
[2025-01-06T12:55:50.923+0000] {taskinstance.py:2866} INFO - Starting attempt 1 of 2
[2025-01-06T12:55:50.929+0000] {taskinstance.py:2889} INFO - Executing <Task(PythonOperator): insert_shipments> on 2025-01-06 12:55:04.265552+00:00
[2025-01-06T12:55:50.935+0000] {warnings.py:112} WARNING - /home/***/.local/lib/python3.12/site-packages/***/task/task_runner/standard_task_runner.py:70: DeprecationWarning: This process (pid=114) is multi-threaded, use of fork() may lead to deadlocks in the child.
  pid = os.fork()

[2025-01-06T12:55:50.935+0000] {standard_task_runner.py:104} INFO - Running: ['***', 'tasks', 'run', 'csv_to_mssql_dag', 'insert_shipments', 'manual__2025-01-06T12:55:04.265552+00:00', '--job-id', '15', '--raw', '--subdir', 'DAGS_FOLDER/csv_to_mssql_dag.py', '--cfg-path', '/tmp/tmp02vchipo']
[2025-01-06T12:55:50.936+0000] {standard_task_runner.py:72} INFO - Started process 115 to run task
[2025-01-06T12:55:50.936+0000] {standard_task_runner.py:105} INFO - Job 15: Subtask insert_shipments
[2025-01-06T12:55:51.122+0000] {task_command.py:467} INFO - Running <TaskInstance: csv_to_mssql_dag.insert_shipments manual__2025-01-06T12:55:04.265552+00:00 [running]> on host ff2cd35e75e1
[2025-01-06T12:55:51.158+0000] {taskinstance.py:3132} INFO - Exporting env vars: AIRFLOW_CTX_DAG_OWNER='***' AIRFLOW_CTX_DAG_ID='csv_to_mssql_dag' AIRFLOW_CTX_TASK_ID='insert_shipments' AIRFLOW_CTX_EXECUTION_DATE='2025-01-06T12:55:04.265552+00:00' AIRFLOW_CTX_TRY_NUMBER='1' AIRFLOW_CTX_DAG_RUN_ID='manual__2025-01-06T12:55:04.265552+00:00'
[2025-01-06T12:55:51.158+0000] {logging_mixin.py:190} INFO - Task instance is in running state
[2025-01-06T12:55:51.158+0000] {logging_mixin.py:190} INFO -  Previous state of the Task instance: queued
[2025-01-06T12:55:51.158+0000] {logging_mixin.py:190} INFO - Current task name:insert_shipments state:running start_date:2025-01-06 12:55:50.917992+00:00
[2025-01-06T12:55:51.158+0000] {logging_mixin.py:190} INFO - Dag name:csv_to_mssql_dag and current dag run status:running
[2025-01-06T12:55:51.158+0000] {taskinstance.py:731} INFO - ::endgroup::
[2025-01-06T12:55:51.167+0000] {logging_mixin.py:190} INFO - Loaded data from /opt/***/data/Shipments.csv with 151 rows.
[2025-01-06T12:55:55.990+0000] {logging_mixin.py:190} INFO - Data from Shipments.csv inserted into Shipments.
[2025-01-06T12:55:55.998+0000] {python.py:240} INFO - Done. Returned value was: None
[2025-01-06T12:55:56.027+0000] {taskinstance.py:340} INFO - ::group::Post task execution logs
[2025-01-06T12:55:56.028+0000] {taskinstance.py:352} INFO - Marking task as SUCCESS. dag_id=csv_to_mssql_dag, task_id=insert_shipments, run_id=manual__2025-01-06T12:55:04.265552+00:00, execution_date=20250106T125504, start_date=20250106T125550, end_date=20250106T125556
[2025-01-06T12:55:56.054+0000] {logging_mixin.py:190} INFO - Task instance in success state
[2025-01-06T12:55:56.054+0000] {logging_mixin.py:190} INFO -  Previous state of the Task instance: running
[2025-01-06T12:55:56.054+0000] {logging_mixin.py:190} INFO - Dag name:csv_to_mssql_dag queued_at:2025-01-06 12:55:04.279217+00:00
[2025-01-06T12:55:56.055+0000] {logging_mixin.py:190} INFO - Task hostname:ff2cd35e75e1 operator:PythonOperator
[2025-01-06T12:55:56.393+0000] {local_task_job_runner.py:266} INFO - Task exited with return code 0
[2025-01-06T12:55:56.406+0000] {taskinstance.py:3895} INFO - 0 downstream tasks scheduled from follow-on schedule check
[2025-01-06T12:55:56.406+0000] {local_task_job_runner.py:245} INFO - ::endgroup::
