[2025-01-06T12:55:33.414+0000] {local_task_job_runner.py:123} INFO - ::group::Pre task execution logs
[2025-01-06T12:55:33.420+0000] {taskinstance.py:2613} INFO - Dependencies all met for dep_context=non-requeueable deps ti=<TaskInstance: csv_to_mssql_dag.insert_maintenance_actions manual__2025-01-06T12:55:04.265552+00:00 [queued]>
[2025-01-06T12:55:33.423+0000] {taskinstance.py:2613} INFO - Dependencies all met for dep_context=requeueable deps ti=<TaskInstance: csv_to_mssql_dag.insert_maintenance_actions manual__2025-01-06T12:55:04.265552+00:00 [queued]>
[2025-01-06T12:55:33.423+0000] {taskinstance.py:2866} INFO - Starting attempt 1 of 2
[2025-01-06T12:55:33.429+0000] {taskinstance.py:2889} INFO - Executing <Task(PythonOperator): insert_maintenance_actions> on 2025-01-06 12:55:04.265552+00:00
[2025-01-06T12:55:33.433+0000] {warnings.py:112} WARNING - /home/***/.local/lib/python3.12/site-packages/***/task/task_runner/standard_task_runner.py:70: DeprecationWarning: This process (pid=108) is multi-threaded, use of fork() may lead to deadlocks in the child.
  pid = os.fork()

[2025-01-06T12:55:33.434+0000] {standard_task_runner.py:72} INFO - Started process 109 to run task
[2025-01-06T12:55:33.435+0000] {standard_task_runner.py:104} INFO - Running: ['***', 'tasks', 'run', 'csv_to_mssql_dag', 'insert_maintenance_actions', 'manual__2025-01-06T12:55:04.265552+00:00', '--job-id', '13', '--raw', '--subdir', 'DAGS_FOLDER/csv_to_mssql_dag.py', '--cfg-path', '/tmp/tmpfsr3u40c']
[2025-01-06T12:55:33.436+0000] {standard_task_runner.py:105} INFO - Job 13: Subtask insert_maintenance_actions
[2025-01-06T12:55:33.606+0000] {task_command.py:467} INFO - Running <TaskInstance: csv_to_mssql_dag.insert_maintenance_actions manual__2025-01-06T12:55:04.265552+00:00 [running]> on host ff2cd35e75e1
[2025-01-06T12:55:33.638+0000] {taskinstance.py:3132} INFO - Exporting env vars: AIRFLOW_CTX_DAG_OWNER='***' AIRFLOW_CTX_DAG_ID='csv_to_mssql_dag' AIRFLOW_CTX_TASK_ID='insert_maintenance_actions' AIRFLOW_CTX_EXECUTION_DATE='2025-01-06T12:55:04.265552+00:00' AIRFLOW_CTX_TRY_NUMBER='1' AIRFLOW_CTX_DAG_RUN_ID='manual__2025-01-06T12:55:04.265552+00:00'
[2025-01-06T12:55:33.638+0000] {logging_mixin.py:190} INFO - Task instance is in running state
[2025-01-06T12:55:33.638+0000] {logging_mixin.py:190} INFO -  Previous state of the Task instance: queued
[2025-01-06T12:55:33.638+0000] {logging_mixin.py:190} INFO - Current task name:insert_maintenance_actions state:running start_date:2025-01-06 12:55:33.421097+00:00
[2025-01-06T12:55:33.639+0000] {logging_mixin.py:190} INFO - Dag name:csv_to_mssql_dag and current dag run status:running
[2025-01-06T12:55:33.639+0000] {taskinstance.py:731} INFO - ::endgroup::
[2025-01-06T12:55:33.645+0000] {logging_mixin.py:190} INFO - Loaded data from /opt/***/data/Maintenance_Action.csv with 300 rows.
[2025-01-06T12:55:42.675+0000] {logging_mixin.py:190} INFO - Data from Maintenance_Action.csv inserted into Maintenance_Actions.
[2025-01-06T12:55:42.679+0000] {python.py:240} INFO - Done. Returned value was: None
[2025-01-06T12:55:42.693+0000] {taskinstance.py:340} INFO - ::group::Post task execution logs
[2025-01-06T12:55:42.694+0000] {taskinstance.py:352} INFO - Marking task as SUCCESS. dag_id=csv_to_mssql_dag, task_id=insert_maintenance_actions, run_id=manual__2025-01-06T12:55:04.265552+00:00, execution_date=20250106T125504, start_date=20250106T125533, end_date=20250106T125542
[2025-01-06T12:55:42.706+0000] {logging_mixin.py:190} INFO - Task instance in success state
[2025-01-06T12:55:42.706+0000] {logging_mixin.py:190} INFO -  Previous state of the Task instance: running
[2025-01-06T12:55:42.707+0000] {logging_mixin.py:190} INFO - Dag name:csv_to_mssql_dag queued_at:2025-01-06 12:55:04.279217+00:00
[2025-01-06T12:55:42.707+0000] {logging_mixin.py:190} INFO - Task hostname:ff2cd35e75e1 operator:PythonOperator
[2025-01-06T12:55:42.762+0000] {local_task_job_runner.py:266} INFO - Task exited with return code 0
[2025-01-06T12:55:42.775+0000] {taskinstance.py:3895} INFO - 1 downstream tasks scheduled from follow-on schedule check
[2025-01-06T12:55:42.775+0000] {local_task_job_runner.py:245} INFO - ::endgroup::
