[2025-01-06T13:48:37.270+0000] {local_task_job_runner.py:123} INFO - ::group::Pre task execution logs
[2025-01-06T13:48:37.279+0000] {taskinstance.py:2613} INFO - Dependencies all met for dep_context=non-requeueable deps ti=<TaskInstance: data_transformation_dag.transform_engine_orders scheduled__2025-01-06T06:00:00+00:00 [queued]>
[2025-01-06T13:48:37.285+0000] {taskinstance.py:2613} INFO - Dependencies all met for dep_context=requeueable deps ti=<TaskInstance: data_transformation_dag.transform_engine_orders scheduled__2025-01-06T06:00:00+00:00 [queued]>
[2025-01-06T13:48:37.285+0000] {taskinstance.py:2866} INFO - Starting attempt 1 of 2
[2025-01-06T13:48:37.294+0000] {taskinstance.py:2889} INFO - Executing <Task(PythonOperator): transform_engine_orders> on 2025-01-06 06:00:00+00:00
[2025-01-06T13:48:37.301+0000] {warnings.py:112} WARNING - /home/***/.local/lib/python3.12/site-packages/***/task/task_runner/standard_task_runner.py:70: DeprecationWarning: This process (pid=88) is multi-threaded, use of fork() may lead to deadlocks in the child.
  pid = os.fork()

[2025-01-06T13:48:37.302+0000] {standard_task_runner.py:72} INFO - Started process 89 to run task
[2025-01-06T13:48:37.306+0000] {standard_task_runner.py:104} INFO - Running: ['***', 'tasks', 'run', 'data_transformation_dag', 'transform_engine_orders', 'scheduled__2025-01-06T06:00:00+00:00', '--job-id', '54', '--raw', '--subdir', 'DAGS_FOLDER/Data Transformation.py', '--cfg-path', '/tmp/tmprxzy2xya']
[2025-01-06T13:48:37.307+0000] {standard_task_runner.py:105} INFO - Job 54: Subtask transform_engine_orders
[2025-01-06T13:48:37.937+0000] {task_command.py:467} INFO - Running <TaskInstance: data_transformation_dag.transform_engine_orders scheduled__2025-01-06T06:00:00+00:00 [running]> on host ff2cd35e75e1
[2025-01-06T13:48:37.995+0000] {taskinstance.py:3132} INFO - Exporting env vars: AIRFLOW_CTX_DAG_OWNER='***' AIRFLOW_CTX_DAG_ID='data_transformation_dag' AIRFLOW_CTX_TASK_ID='transform_engine_orders' AIRFLOW_CTX_EXECUTION_DATE='2025-01-06T06:00:00+00:00' AIRFLOW_CTX_TRY_NUMBER='1' AIRFLOW_CTX_DAG_RUN_ID='scheduled__2025-01-06T06:00:00+00:00'
[2025-01-06T13:48:37.995+0000] {logging_mixin.py:190} INFO - Task instance is in running state
[2025-01-06T13:48:37.995+0000] {logging_mixin.py:190} INFO -  Previous state of the Task instance: queued
[2025-01-06T13:48:37.995+0000] {logging_mixin.py:190} INFO - Current task name:transform_engine_orders state:running start_date:2025-01-06 13:48:37.280250+00:00
[2025-01-06T13:48:37.996+0000] {logging_mixin.py:190} INFO - Dag name:data_transformation_dag and current dag run status:running
[2025-01-06T13:48:37.996+0000] {taskinstance.py:731} INFO - ::endgroup::
[2025-01-06T13:48:43.065+0000] {logging_mixin.py:190} INFO - Aggregated Engine Orders saved to database.
[2025-01-06T13:48:43.066+0000] {python.py:240} INFO - Done. Returned value was: None
[2025-01-06T13:48:43.091+0000] {taskinstance.py:340} INFO - ::group::Post task execution logs
[2025-01-06T13:48:43.092+0000] {taskinstance.py:352} INFO - Marking task as SUCCESS. dag_id=data_transformation_dag, task_id=transform_engine_orders, run_id=scheduled__2025-01-06T06:00:00+00:00, execution_date=20250106T060000, start_date=20250106T134837, end_date=20250106T134843
[2025-01-06T13:48:43.105+0000] {logging_mixin.py:190} INFO - Task instance in success state
[2025-01-06T13:48:43.106+0000] {logging_mixin.py:190} INFO -  Previous state of the Task instance: running
[2025-01-06T13:48:43.106+0000] {logging_mixin.py:190} INFO - Dag name:data_transformation_dag queued_at:2025-01-06 13:48:34.217054+00:00
[2025-01-06T13:48:43.106+0000] {logging_mixin.py:190} INFO - Task hostname:ff2cd35e75e1 operator:PythonOperator
[2025-01-06T13:48:43.162+0000] {local_task_job_runner.py:266} INFO - Task exited with return code 0
[2025-01-06T13:48:43.170+0000] {taskinstance.py:3895} INFO - 0 downstream tasks scheduled from follow-on schedule check
[2025-01-06T13:48:43.171+0000] {local_task_job_runner.py:245} INFO - ::endgroup::
