[2025-01-06T13:19:53.591+0000] {local_task_job_runner.py:123} INFO - ::group::Pre task execution logs
[2025-01-06T13:19:53.606+0000] {taskinstance.py:2613} INFO - Dependencies all met for dep_context=non-requeueable deps ti=<TaskInstance: data_quality_checks_dag.check_missing_values_engine scheduled__2025-01-06T00:00:00+00:00 [queued]>
[2025-01-06T13:19:53.613+0000] {taskinstance.py:2613} INFO - Dependencies all met for dep_context=requeueable deps ti=<TaskInstance: data_quality_checks_dag.check_missing_values_engine scheduled__2025-01-06T00:00:00+00:00 [queued]>
[2025-01-06T13:19:53.613+0000] {taskinstance.py:2866} INFO - Starting attempt 1 of 2
[2025-01-06T13:19:53.629+0000] {taskinstance.py:2889} INFO - Executing <Task(PythonOperator): check_missing_values_engine> on 2025-01-06 00:00:00+00:00
[2025-01-06T13:19:53.646+0000] {warnings.py:112} WARNING - /home/***/.local/lib/python3.12/site-packages/***/task/task_runner/standard_task_runner.py:70: DeprecationWarning: This process (pid=96) is multi-threaded, use of fork() may lead to deadlocks in the child.
  pid = os.fork()

[2025-01-06T13:19:53.650+0000] {standard_task_runner.py:72} INFO - Started process 102 to run task
[2025-01-06T13:19:53.654+0000] {standard_task_runner.py:104} INFO - Running: ['***', 'tasks', 'run', 'data_quality_checks_dag', 'check_missing_values_engine', 'scheduled__2025-01-06T00:00:00+00:00', '--job-id', '25', '--raw', '--subdir', 'DAGS_FOLDER/Data Quality Checks with Logging.py', '--cfg-path', '/tmp/tmpv7bgp3hl']
[2025-01-06T13:19:53.658+0000] {standard_task_runner.py:105} INFO - Job 25: Subtask check_missing_values_engine
[2025-01-06T13:19:54.851+0000] {task_command.py:467} INFO - Running <TaskInstance: data_quality_checks_dag.check_missing_values_engine scheduled__2025-01-06T00:00:00+00:00 [running]> on host ff2cd35e75e1
[2025-01-06T13:19:54.985+0000] {taskinstance.py:3132} INFO - Exporting env vars: AIRFLOW_CTX_DAG_OWNER='***' AIRFLOW_CTX_DAG_ID='data_quality_checks_dag' AIRFLOW_CTX_TASK_ID='check_missing_values_engine' AIRFLOW_CTX_EXECUTION_DATE='2025-01-06T00:00:00+00:00' AIRFLOW_CTX_TRY_NUMBER='1' AIRFLOW_CTX_DAG_RUN_ID='scheduled__2025-01-06T00:00:00+00:00'
[2025-01-06T13:19:54.988+0000] {logging_mixin.py:190} INFO - Task instance is in running state
[2025-01-06T13:19:54.990+0000] {logging_mixin.py:190} INFO -  Previous state of the Task instance: queued
[2025-01-06T13:19:54.993+0000] {logging_mixin.py:190} INFO - Current task name:check_missing_values_engine state:running start_date:2025-01-06 13:19:53.607080+00:00
[2025-01-06T13:19:54.994+0000] {logging_mixin.py:190} INFO - Dag name:data_quality_checks_dag and current dag run status:running
[2025-01-06T13:19:54.995+0000] {taskinstance.py:731} INFO - ::endgroup::
[2025-01-06T13:19:55.666+0000] {logging_mixin.py:190} INFO - No missing values found in table Engine.
[2025-01-06T13:19:55.667+0000] {python.py:240} INFO - Done. Returned value was: None
[2025-01-06T13:19:55.709+0000] {taskinstance.py:340} INFO - ::group::Post task execution logs
[2025-01-06T13:19:55.710+0000] {taskinstance.py:352} INFO - Marking task as SUCCESS. dag_id=data_quality_checks_dag, task_id=check_missing_values_engine, run_id=scheduled__2025-01-06T00:00:00+00:00, execution_date=20250106T000000, start_date=20250106T131953, end_date=20250106T131955
[2025-01-06T13:19:55.722+0000] {logging_mixin.py:190} INFO - Task instance in success state
[2025-01-06T13:19:55.723+0000] {logging_mixin.py:190} INFO -  Previous state of the Task instance: running
[2025-01-06T13:19:55.723+0000] {logging_mixin.py:190} INFO - Dag name:data_quality_checks_dag queued_at:2025-01-06 13:19:48.085092+00:00
[2025-01-06T13:19:55.724+0000] {logging_mixin.py:190} INFO - Task hostname:ff2cd35e75e1 operator:PythonOperator
[2025-01-06T13:19:55.745+0000] {local_task_job_runner.py:266} INFO - Task exited with return code 0
[2025-01-06T13:19:55.829+0000] {local_task_job_runner.py:245} INFO - ::endgroup::
