[2025-01-06T13:19:53.643+0000] {local_task_job_runner.py:123} INFO - ::group::Pre task execution logs
[2025-01-06T13:19:53.667+0000] {taskinstance.py:2613} INFO - Dependencies all met for dep_context=non-requeueable deps ti=<TaskInstance: data_quality_checks_dag.check_missing_values_technician scheduled__2025-01-06T00:00:00+00:00 [queued]>
[2025-01-06T13:19:53.687+0000] {taskinstance.py:2613} INFO - Dependencies all met for dep_context=requeueable deps ti=<TaskInstance: data_quality_checks_dag.check_missing_values_technician scheduled__2025-01-06T00:00:00+00:00 [queued]>
[2025-01-06T13:19:53.689+0000] {taskinstance.py:2866} INFO - Starting attempt 1 of 2
[2025-01-06T13:19:53.720+0000] {taskinstance.py:2889} INFO - Executing <Task(PythonOperator): check_missing_values_technician> on 2025-01-06 00:00:00+00:00
[2025-01-06T13:19:53.734+0000] {warnings.py:112} WARNING - /home/***/.local/lib/python3.12/site-packages/***/task/task_runner/standard_task_runner.py:70: DeprecationWarning: This process (pid=99) is multi-threaded, use of fork() may lead to deadlocks in the child.
  pid = os.fork()

[2025-01-06T13:19:53.738+0000] {standard_task_runner.py:72} INFO - Started process 106 to run task
[2025-01-06T13:19:53.738+0000] {standard_task_runner.py:104} INFO - Running: ['***', 'tasks', 'run', 'data_quality_checks_dag', 'check_missing_values_technician', 'scheduled__2025-01-06T00:00:00+00:00', '--job-id', '27', '--raw', '--subdir', 'DAGS_FOLDER/Data Quality Checks with Logging.py', '--cfg-path', '/tmp/tmp4ibes193']
[2025-01-06T13:19:53.739+0000] {standard_task_runner.py:105} INFO - Job 27: Subtask check_missing_values_technician
[2025-01-06T13:19:54.849+0000] {task_command.py:467} INFO - Running <TaskInstance: data_quality_checks_dag.check_missing_values_technician scheduled__2025-01-06T00:00:00+00:00 [running]> on host ff2cd35e75e1
[2025-01-06T13:19:54.995+0000] {taskinstance.py:3132} INFO - Exporting env vars: AIRFLOW_CTX_DAG_OWNER='***' AIRFLOW_CTX_DAG_ID='data_quality_checks_dag' AIRFLOW_CTX_TASK_ID='check_missing_values_technician' AIRFLOW_CTX_EXECUTION_DATE='2025-01-06T00:00:00+00:00' AIRFLOW_CTX_TRY_NUMBER='1' AIRFLOW_CTX_DAG_RUN_ID='scheduled__2025-01-06T00:00:00+00:00'
[2025-01-06T13:19:54.997+0000] {logging_mixin.py:190} INFO - Task instance is in running state
[2025-01-06T13:19:54.998+0000] {logging_mixin.py:190} INFO -  Previous state of the Task instance: queued
[2025-01-06T13:19:54.999+0000] {logging_mixin.py:190} INFO - Current task name:check_missing_values_technician state:running start_date:2025-01-06 13:19:53.670031+00:00
[2025-01-06T13:19:54.999+0000] {logging_mixin.py:190} INFO - Dag name:data_quality_checks_dag and current dag run status:running
[2025-01-06T13:19:55.000+0000] {taskinstance.py:731} INFO - ::endgroup::
[2025-01-06T13:19:55.642+0000] {logging_mixin.py:190} INFO - No missing values found in table Technician.
[2025-01-06T13:19:55.643+0000] {python.py:240} INFO - Done. Returned value was: None
[2025-01-06T13:19:55.663+0000] {taskinstance.py:340} INFO - ::group::Post task execution logs
[2025-01-06T13:19:55.663+0000] {taskinstance.py:352} INFO - Marking task as SUCCESS. dag_id=data_quality_checks_dag, task_id=check_missing_values_technician, run_id=scheduled__2025-01-06T00:00:00+00:00, execution_date=20250106T000000, start_date=20250106T131953, end_date=20250106T131955
[2025-01-06T13:19:55.686+0000] {logging_mixin.py:190} INFO - Task instance in success state
[2025-01-06T13:19:55.688+0000] {logging_mixin.py:190} INFO -  Previous state of the Task instance: running
[2025-01-06T13:19:55.688+0000] {logging_mixin.py:190} INFO - Dag name:data_quality_checks_dag queued_at:2025-01-06 13:19:48.085092+00:00
[2025-01-06T13:19:55.689+0000] {logging_mixin.py:190} INFO - Task hostname:ff2cd35e75e1 operator:PythonOperator
[2025-01-06T13:19:55.740+0000] {local_task_job_runner.py:266} INFO - Task exited with return code 0
[2025-01-06T13:19:56.301+0000] {taskinstance.py:3895} INFO - 1 downstream tasks scheduled from follow-on schedule check
[2025-01-06T13:19:56.307+0000] {local_task_job_runner.py:245} INFO - ::endgroup::
