[2025-01-06T13:19:53.775+0000] {local_task_job_runner.py:123} INFO - ::group::Pre task execution logs
[2025-01-06T13:19:53.814+0000] {taskinstance.py:2613} INFO - Dependencies all met for dep_context=non-requeueable deps ti=<TaskInstance: data_quality_checks_dag.check_missing_values_maintenance_actions scheduled__2025-01-06T00:00:00+00:00 [queued]>
[2025-01-06T13:19:53.823+0000] {taskinstance.py:2613} INFO - Dependencies all met for dep_context=requeueable deps ti=<TaskInstance: data_quality_checks_dag.check_missing_values_maintenance_actions scheduled__2025-01-06T00:00:00+00:00 [queued]>
[2025-01-06T13:19:53.823+0000] {taskinstance.py:2866} INFO - Starting attempt 1 of 2
[2025-01-06T13:19:53.841+0000] {taskinstance.py:2889} INFO - Executing <Task(PythonOperator): check_missing_values_maintenance_actions> on 2025-01-06 00:00:00+00:00
[2025-01-06T13:19:53.860+0000] {warnings.py:112} WARNING - /home/***/.local/lib/python3.12/site-packages/***/task/task_runner/standard_task_runner.py:70: DeprecationWarning: This process (pid=97) is multi-threaded, use of fork() may lead to deadlocks in the child.
  pid = os.fork()

[2025-01-06T13:19:53.863+0000] {standard_task_runner.py:72} INFO - Started process 112 to run task
[2025-01-06T13:19:53.865+0000] {standard_task_runner.py:104} INFO - Running: ['***', 'tasks', 'run', 'data_quality_checks_dag', 'check_missing_values_maintenance_actions', 'scheduled__2025-01-06T00:00:00+00:00', '--job-id', '30', '--raw', '--subdir', 'DAGS_FOLDER/Data Quality Checks with Logging.py', '--cfg-path', '/tmp/tmpqr90ndix']
[2025-01-06T13:19:53.866+0000] {standard_task_runner.py:105} INFO - Job 30: Subtask check_missing_values_maintenance_actions
[2025-01-06T13:19:55.041+0000] {task_command.py:467} INFO - Running <TaskInstance: data_quality_checks_dag.check_missing_values_maintenance_actions scheduled__2025-01-06T00:00:00+00:00 [running]> on host ff2cd35e75e1
[2025-01-06T13:19:55.122+0000] {taskinstance.py:3132} INFO - Exporting env vars: AIRFLOW_CTX_DAG_OWNER='***' AIRFLOW_CTX_DAG_ID='data_quality_checks_dag' AIRFLOW_CTX_TASK_ID='check_missing_values_maintenance_actions' AIRFLOW_CTX_EXECUTION_DATE='2025-01-06T00:00:00+00:00' AIRFLOW_CTX_TRY_NUMBER='1' AIRFLOW_CTX_DAG_RUN_ID='scheduled__2025-01-06T00:00:00+00:00'
[2025-01-06T13:19:55.124+0000] {logging_mixin.py:190} INFO - Task instance is in running state
[2025-01-06T13:19:55.124+0000] {logging_mixin.py:190} INFO -  Previous state of the Task instance: queued
[2025-01-06T13:19:55.126+0000] {logging_mixin.py:190} INFO - Current task name:check_missing_values_maintenance_actions state:running start_date:2025-01-06 13:19:53.815216+00:00
[2025-01-06T13:19:55.126+0000] {logging_mixin.py:190} INFO - Dag name:data_quality_checks_dag and current dag run status:running
[2025-01-06T13:19:55.127+0000] {taskinstance.py:731} INFO - ::endgroup::
[2025-01-06T13:19:55.792+0000] {logging_mixin.py:190} INFO - No missing values found in table Maintenance_Actions.
[2025-01-06T13:19:55.799+0000] {python.py:240} INFO - Done. Returned value was: None
[2025-01-06T13:19:55.846+0000] {taskinstance.py:340} INFO - ::group::Post task execution logs
[2025-01-06T13:19:55.850+0000] {taskinstance.py:352} INFO - Marking task as SUCCESS. dag_id=data_quality_checks_dag, task_id=check_missing_values_maintenance_actions, run_id=scheduled__2025-01-06T00:00:00+00:00, execution_date=20250106T000000, start_date=20250106T131953, end_date=20250106T131955
[2025-01-06T13:19:56.390+0000] {logging_mixin.py:190} INFO - Task instance in success state
[2025-01-06T13:19:56.393+0000] {logging_mixin.py:190} INFO -  Previous state of the Task instance: running
[2025-01-06T13:19:56.394+0000] {logging_mixin.py:190} INFO - Dag name:data_quality_checks_dag queued_at:2025-01-06 13:19:48.085092+00:00
[2025-01-06T13:19:56.394+0000] {logging_mixin.py:190} INFO - Task hostname:ff2cd35e75e1 operator:PythonOperator
[2025-01-06T13:19:56.449+0000] {local_task_job_runner.py:266} INFO - Task exited with return code 0
[2025-01-06T13:19:56.490+0000] {local_task_job_runner.py:245} INFO - ::endgroup::
