[2025-01-06T14:05:17.902+0000] {local_task_job_runner.py:123} INFO - ::group::Pre task execution logs
[2025-01-06T14:05:17.908+0000] {taskinstance.py:2613} INFO - Dependencies all met for dep_context=non-requeueable deps ti=<TaskInstance: report_generation_dag.generate_monthly_report manual__2025-01-06T14:05:15.619253+00:00 [queued]>
[2025-01-06T14:05:17.911+0000] {taskinstance.py:2613} INFO - Dependencies all met for dep_context=requeueable deps ti=<TaskInstance: report_generation_dag.generate_monthly_report manual__2025-01-06T14:05:15.619253+00:00 [queued]>
[2025-01-06T14:05:17.911+0000] {taskinstance.py:2866} INFO - Starting attempt 1 of 2
[2025-01-06T14:05:18.006+0000] {taskinstance.py:2889} INFO - Executing <Task(PythonOperator): generate_monthly_report> on 2025-01-06 14:05:15.619253+00:00
[2025-01-06T14:05:18.012+0000] {warnings.py:112} WARNING - /home/***/.local/lib/python3.12/site-packages/***/task/task_runner/standard_task_runner.py:70: DeprecationWarning: This process (pid=95) is multi-threaded, use of fork() may lead to deadlocks in the child.
  pid = os.fork()

[2025-01-06T14:05:18.013+0000] {standard_task_runner.py:72} INFO - Started process 96 to run task
[2025-01-06T14:05:18.015+0000] {standard_task_runner.py:104} INFO - Running: ['***', 'tasks', 'run', 'report_generation_dag', 'generate_monthly_report', 'manual__2025-01-06T14:05:15.619253+00:00', '--job-id', '65', '--raw', '--subdir', 'DAGS_FOLDER/report_generation_dag.py', '--cfg-path', '/tmp/tmp5oi1mx59']
[2025-01-06T14:05:18.016+0000] {standard_task_runner.py:105} INFO - Job 65: Subtask generate_monthly_report
[2025-01-06T14:05:18.039+0000] {task_command.py:467} INFO - Running <TaskInstance: report_generation_dag.generate_monthly_report manual__2025-01-06T14:05:15.619253+00:00 [running]> on host ff2cd35e75e1
[2025-01-06T14:05:18.074+0000] {taskinstance.py:3132} INFO - Exporting env vars: AIRFLOW_CTX_DAG_OWNER='***' AIRFLOW_CTX_DAG_ID='report_generation_dag' AIRFLOW_CTX_TASK_ID='generate_monthly_report' AIRFLOW_CTX_EXECUTION_DATE='2025-01-06T14:05:15.619253+00:00' AIRFLOW_CTX_TRY_NUMBER='1' AIRFLOW_CTX_DAG_RUN_ID='manual__2025-01-06T14:05:15.619253+00:00'
[2025-01-06T14:05:18.075+0000] {logging_mixin.py:190} INFO - Task instance is in running state
[2025-01-06T14:05:18.075+0000] {logging_mixin.py:190} INFO -  Previous state of the Task instance: queued
[2025-01-06T14:05:18.075+0000] {logging_mixin.py:190} INFO - Current task name:generate_monthly_report state:running start_date:2025-01-06 14:05:17.908967+00:00
[2025-01-06T14:05:18.076+0000] {logging_mixin.py:190} INFO - Dag name:report_generation_dag and current dag run status:running
[2025-01-06T14:05:18.076+0000] {taskinstance.py:731} INFO - ::endgroup::
[2025-01-06T14:05:18.713+0000] {logging_mixin.py:190} INFO - Monthly maintenance report saved to /opt/***/reports/monthly_maintenance_report.csv.
[2025-01-06T14:05:18.714+0000] {python.py:240} INFO - Done. Returned value was: None
[2025-01-06T14:05:18.723+0000] {taskinstance.py:340} INFO - ::group::Post task execution logs
[2025-01-06T14:05:18.724+0000] {taskinstance.py:352} INFO - Marking task as SUCCESS. dag_id=report_generation_dag, task_id=generate_monthly_report, run_id=manual__2025-01-06T14:05:15.619253+00:00, execution_date=20250106T140515, start_date=20250106T140517, end_date=20250106T140518
[2025-01-06T14:05:18.732+0000] {logging_mixin.py:190} INFO - Task instance in success state
[2025-01-06T14:05:18.733+0000] {logging_mixin.py:190} INFO -  Previous state of the Task instance: running
[2025-01-06T14:05:18.733+0000] {logging_mixin.py:190} INFO - Dag name:report_generation_dag queued_at:2025-01-06 14:05:15.670235+00:00
[2025-01-06T14:05:18.733+0000] {logging_mixin.py:190} INFO - Task hostname:ff2cd35e75e1 operator:PythonOperator
[2025-01-06T14:05:18.786+0000] {local_task_job_runner.py:266} INFO - Task exited with return code 0
[2025-01-06T14:05:18.798+0000] {taskinstance.py:3895} INFO - 0 downstream tasks scheduled from follow-on schedule check
[2025-01-06T14:05:18.800+0000] {local_task_job_runner.py:245} INFO - ::endgroup::
