[2025-01-06T13:58:27.052+0000] {local_task_job_runner.py:123} INFO - ::group::Pre task execution logs
[2025-01-06T13:58:27.060+0000] {taskinstance.py:2613} INFO - Dependencies all met for dep_context=non-requeueable deps ti=<TaskInstance: data_backup_dag.backup_old_maintenance_actions manual__2025-01-06T13:58:24.970717+00:00 [queued]>
[2025-01-06T13:58:27.063+0000] {taskinstance.py:2613} INFO - Dependencies all met for dep_context=requeueable deps ti=<TaskInstance: data_backup_dag.backup_old_maintenance_actions manual__2025-01-06T13:58:24.970717+00:00 [queued]>
[2025-01-06T13:58:27.064+0000] {taskinstance.py:2866} INFO - Starting attempt 1 of 2
[2025-01-06T13:58:27.151+0000] {taskinstance.py:2889} INFO - Executing <Task(PythonOperator): backup_old_maintenance_actions> on 2025-01-06 13:58:24.970717+00:00
[2025-01-06T13:58:27.157+0000] {warnings.py:112} WARNING - /home/***/.local/lib/python3.12/site-packages/***/task/task_runner/standard_task_runner.py:70: DeprecationWarning: This process (pid=91) is multi-threaded, use of fork() may lead to deadlocks in the child.
  pid = os.fork()

[2025-01-06T13:58:27.159+0000] {standard_task_runner.py:72} INFO - Started process 92 to run task
[2025-01-06T13:58:27.159+0000] {standard_task_runner.py:104} INFO - Running: ['***', 'tasks', 'run', 'data_backup_dag', 'backup_old_maintenance_actions', 'manual__2025-01-06T13:58:24.970717+00:00', '--job-id', '59', '--raw', '--subdir', 'DAGS_FOLDER/data_backup_dag.py', '--cfg-path', '/tmp/tmpn4c6b7q3']
[2025-01-06T13:58:27.161+0000] {standard_task_runner.py:105} INFO - Job 59: Subtask backup_old_maintenance_actions
[2025-01-06T13:58:27.208+0000] {task_command.py:467} INFO - Running <TaskInstance: data_backup_dag.backup_old_maintenance_actions manual__2025-01-06T13:58:24.970717+00:00 [running]> on host ff2cd35e75e1
[2025-01-06T13:58:27.248+0000] {taskinstance.py:3132} INFO - Exporting env vars: AIRFLOW_CTX_DAG_OWNER='***' AIRFLOW_CTX_DAG_ID='data_backup_dag' AIRFLOW_CTX_TASK_ID='backup_old_maintenance_actions' AIRFLOW_CTX_EXECUTION_DATE='2025-01-06T13:58:24.970717+00:00' AIRFLOW_CTX_TRY_NUMBER='1' AIRFLOW_CTX_DAG_RUN_ID='manual__2025-01-06T13:58:24.970717+00:00'
[2025-01-06T13:58:27.249+0000] {logging_mixin.py:190} INFO - Task instance is in running state
[2025-01-06T13:58:27.250+0000] {logging_mixin.py:190} INFO -  Previous state of the Task instance: queued
[2025-01-06T13:58:27.250+0000] {logging_mixin.py:190} INFO - Current task name:backup_old_maintenance_actions state:running start_date:2025-01-06 13:58:27.060434+00:00
[2025-01-06T13:58:27.250+0000] {logging_mixin.py:190} INFO - Dag name:data_backup_dag and current dag run status:running
[2025-01-06T13:58:27.250+0000] {taskinstance.py:731} INFO - ::endgroup::
[2025-01-06T13:58:27.874+0000] {logging_mixin.py:190} INFO - Old maintenance actions backed up to /opt/***/backups/maintenance_actions_backup.csv.
[2025-01-06T13:58:27.875+0000] {python.py:240} INFO - Done. Returned value was: None
[2025-01-06T13:58:27.884+0000] {taskinstance.py:340} INFO - ::group::Post task execution logs
[2025-01-06T13:58:27.884+0000] {taskinstance.py:352} INFO - Marking task as SUCCESS. dag_id=data_backup_dag, task_id=backup_old_maintenance_actions, run_id=manual__2025-01-06T13:58:24.970717+00:00, execution_date=20250106T135824, start_date=20250106T135827, end_date=20250106T135827
[2025-01-06T13:58:27.890+0000] {logging_mixin.py:190} INFO - Task instance in success state
[2025-01-06T13:58:27.890+0000] {logging_mixin.py:190} INFO -  Previous state of the Task instance: running
[2025-01-06T13:58:27.890+0000] {logging_mixin.py:190} INFO - Dag name:data_backup_dag queued_at:2025-01-06 13:58:24.989124+00:00
[2025-01-06T13:58:27.890+0000] {logging_mixin.py:190} INFO - Task hostname:ff2cd35e75e1 operator:PythonOperator
[2025-01-06T13:58:27.939+0000] {local_task_job_runner.py:266} INFO - Task exited with return code 0
[2025-01-06T13:58:27.953+0000] {taskinstance.py:3895} INFO - 0 downstream tasks scheduled from follow-on schedule check
[2025-01-06T13:58:27.954+0000] {local_task_job_runner.py:245} INFO - ::endgroup::
