[2025-01-06T13:20:01.927+0000] {local_task_job_runner.py:123} INFO - ::group::Pre task execution logs
[2025-01-06T13:20:01.948+0000] {taskinstance.py:2613} INFO - Dependencies all met for dep_context=non-requeueable deps ti=<TaskInstance: data_quality_checks_dag.check_duplicates_shipments scheduled__2025-01-06T00:00:00+00:00 [queued]>
[2025-01-06T13:20:01.996+0000] {taskinstance.py:2613} INFO - Dependencies all met for dep_context=requeueable deps ti=<TaskInstance: data_quality_checks_dag.check_duplicates_shipments scheduled__2025-01-06T00:00:00+00:00 [queued]>
[2025-01-06T13:20:01.996+0000] {taskinstance.py:2866} INFO - Starting attempt 1 of 2
[2025-01-06T13:20:02.043+0000] {taskinstance.py:2889} INFO - Executing <Task(PythonOperator): check_duplicates_shipments> on 2025-01-06 00:00:00+00:00
[2025-01-06T13:20:02.087+0000] {standard_task_runner.py:104} INFO - Running: ['***', 'tasks', 'run', 'data_quality_checks_dag', 'check_duplicates_shipments', 'scheduled__2025-01-06T00:00:00+00:00', '--job-id', '34', '--raw', '--subdir', 'DAGS_FOLDER/Data Quality Checks with Logging.py', '--cfg-path', '/tmp/tmpm4yml7w6']
[2025-01-06T13:20:02.092+0000] {standard_task_runner.py:105} INFO - Job 34: Subtask check_duplicates_shipments
[2025-01-06T13:20:02.078+0000] {warnings.py:112} WARNING - /home/***/.local/lib/python3.12/site-packages/***/task/task_runner/standard_task_runner.py:70: DeprecationWarning: This process (pid=128) is multi-threaded, use of fork() may lead to deadlocks in the child.
  pid = os.fork()

[2025-01-06T13:20:02.095+0000] {standard_task_runner.py:72} INFO - Started process 139 to run task
[2025-01-06T13:20:07.300+0000] {task_command.py:467} INFO - Running <TaskInstance: data_quality_checks_dag.check_duplicates_shipments scheduled__2025-01-06T00:00:00+00:00 [running]> on host ff2cd35e75e1
[2025-01-06T13:20:07.665+0000] {taskinstance.py:3132} INFO - Exporting env vars: AIRFLOW_CTX_DAG_OWNER='***' AIRFLOW_CTX_DAG_ID='data_quality_checks_dag' AIRFLOW_CTX_TASK_ID='check_duplicates_shipments' AIRFLOW_CTX_EXECUTION_DATE='2025-01-06T00:00:00+00:00' AIRFLOW_CTX_TRY_NUMBER='1' AIRFLOW_CTX_DAG_RUN_ID='scheduled__2025-01-06T00:00:00+00:00'
[2025-01-06T13:20:07.693+0000] {logging_mixin.py:190} INFO - Task instance is in running state
[2025-01-06T13:20:07.700+0000] {logging_mixin.py:190} INFO -  Previous state of the Task instance: queued
[2025-01-06T13:20:07.701+0000] {logging_mixin.py:190} INFO - Current task name:check_duplicates_shipments state:running start_date:2025-01-06 13:20:01.954792+00:00
[2025-01-06T13:20:07.701+0000] {logging_mixin.py:190} INFO - Dag name:data_quality_checks_dag and current dag run status:running
[2025-01-06T13:20:07.701+0000] {taskinstance.py:731} INFO - ::endgroup::
[2025-01-06T13:20:10.169+0000] {logging_mixin.py:190} INFO - No duplicate rows found in table Shipments.
[2025-01-06T13:20:10.222+0000] {python.py:240} INFO - Done. Returned value was: None
[2025-01-06T13:20:10.572+0000] {taskinstance.py:340} INFO - ::group::Post task execution logs
[2025-01-06T13:20:10.597+0000] {taskinstance.py:352} INFO - Marking task as SUCCESS. dag_id=data_quality_checks_dag, task_id=check_duplicates_shipments, run_id=scheduled__2025-01-06T00:00:00+00:00, execution_date=20250106T000000, start_date=20250106T132001, end_date=20250106T132010
[2025-01-06T13:20:10.894+0000] {logging_mixin.py:190} INFO - Task instance in success state
[2025-01-06T13:20:10.920+0000] {logging_mixin.py:190} INFO -  Previous state of the Task instance: running
[2025-01-06T13:20:10.947+0000] {logging_mixin.py:190} INFO - Dag name:data_quality_checks_dag queued_at:2025-01-06 13:19:48.085092+00:00
[2025-01-06T13:20:10.950+0000] {logging_mixin.py:190} INFO - Task hostname:ff2cd35e75e1 operator:PythonOperator
[2025-01-06T13:20:15.174+0000] {local_task_job_runner.py:266} INFO - Task exited with return code 0
[2025-01-06T13:20:15.244+0000] {taskinstance.py:3895} INFO - 0 downstream tasks scheduled from follow-on schedule check
[2025-01-06T13:20:15.259+0000] {local_task_job_runner.py:245} INFO - ::endgroup::
