[2025-01-06T13:20:02.225+0000] {local_task_job_runner.py:123} INFO - ::group::Pre task execution logs
[2025-01-06T13:20:02.336+0000] {taskinstance.py:2613} INFO - Dependencies all met for dep_context=non-requeueable deps ti=<TaskInstance: data_quality_checks_dag.check_duplicates_products scheduled__2025-01-06T00:00:00+00:00 [queued]>
[2025-01-06T13:20:02.373+0000] {taskinstance.py:2613} INFO - Dependencies all met for dep_context=requeueable deps ti=<TaskInstance: data_quality_checks_dag.check_duplicates_products scheduled__2025-01-06T00:00:00+00:00 [queued]>
[2025-01-06T13:20:02.376+0000] {taskinstance.py:2866} INFO - Starting attempt 1 of 2
[2025-01-06T13:20:02.440+0000] {taskinstance.py:2889} INFO - Executing <Task(PythonOperator): check_duplicates_products> on 2025-01-06 00:00:00+00:00
[2025-01-06T13:20:02.460+0000] {warnings.py:112} WARNING - /home/***/.local/lib/python3.12/site-packages/***/task/task_runner/standard_task_runner.py:70: DeprecationWarning: This process (pid=119) is multi-threaded, use of fork() may lead to deadlocks in the child.
  pid = os.fork()

[2025-01-06T13:20:02.472+0000] {standard_task_runner.py:72} INFO - Started process 148 to run task
[2025-01-06T13:20:02.489+0000] {standard_task_runner.py:104} INFO - Running: ['***', 'tasks', 'run', 'data_quality_checks_dag', 'check_duplicates_products', 'scheduled__2025-01-06T00:00:00+00:00', '--job-id', '39', '--raw', '--subdir', 'DAGS_FOLDER/Data Quality Checks with Logging.py', '--cfg-path', '/tmp/tmpb6_8lmbb']
[2025-01-06T13:20:02.492+0000] {standard_task_runner.py:105} INFO - Job 39: Subtask check_duplicates_products
[2025-01-06T13:20:08.305+0000] {task_command.py:467} INFO - Running <TaskInstance: data_quality_checks_dag.check_duplicates_products scheduled__2025-01-06T00:00:00+00:00 [running]> on host ff2cd35e75e1
[2025-01-06T13:20:08.897+0000] {taskinstance.py:3132} INFO - Exporting env vars: AIRFLOW_CTX_DAG_OWNER='***' AIRFLOW_CTX_DAG_ID='data_quality_checks_dag' AIRFLOW_CTX_TASK_ID='check_duplicates_products' AIRFLOW_CTX_EXECUTION_DATE='2025-01-06T00:00:00+00:00' AIRFLOW_CTX_TRY_NUMBER='1' AIRFLOW_CTX_DAG_RUN_ID='scheduled__2025-01-06T00:00:00+00:00'
[2025-01-06T13:20:08.916+0000] {logging_mixin.py:190} INFO - Task instance is in running state
[2025-01-06T13:20:08.924+0000] {logging_mixin.py:190} INFO -  Previous state of the Task instance: queued
[2025-01-06T13:20:08.941+0000] {logging_mixin.py:190} INFO - Current task name:check_duplicates_products state:running start_date:2025-01-06 13:20:02.337462+00:00
[2025-01-06T13:20:08.942+0000] {logging_mixin.py:190} INFO - Dag name:data_quality_checks_dag and current dag run status:running
[2025-01-06T13:20:08.946+0000] {taskinstance.py:731} INFO - ::endgroup::
[2025-01-06T13:20:11.080+0000] {logging_mixin.py:190} INFO - No duplicate rows found in table Products.
[2025-01-06T13:20:11.104+0000] {python.py:240} INFO - Done. Returned value was: None
[2025-01-06T13:20:11.723+0000] {taskinstance.py:340} INFO - ::group::Post task execution logs
[2025-01-06T13:20:11.739+0000] {taskinstance.py:352} INFO - Marking task as SUCCESS. dag_id=data_quality_checks_dag, task_id=check_duplicates_products, run_id=scheduled__2025-01-06T00:00:00+00:00, execution_date=20250106T000000, start_date=20250106T132002, end_date=20250106T132011
[2025-01-06T13:20:11.977+0000] {logging_mixin.py:190} INFO - Task instance in success state
[2025-01-06T13:20:11.992+0000] {logging_mixin.py:190} INFO -  Previous state of the Task instance: running
[2025-01-06T13:20:11.993+0000] {logging_mixin.py:190} INFO - Dag name:data_quality_checks_dag queued_at:2025-01-06 13:19:48.085092+00:00
[2025-01-06T13:20:11.994+0000] {logging_mixin.py:190} INFO - Task hostname:ff2cd35e75e1 operator:PythonOperator
[2025-01-06T13:20:14.675+0000] {local_task_job_runner.py:266} INFO - Task exited with return code 0
[2025-01-06T13:20:14.906+0000] {taskinstance.py:3895} INFO - 0 downstream tasks scheduled from follow-on schedule check
[2025-01-06T13:20:14.918+0000] {local_task_job_runner.py:245} INFO - ::endgroup::
