[2025-01-06T13:19:53.686+0000] {local_task_job_runner.py:123} INFO - ::group::Pre task execution logs
[2025-01-06T13:19:53.715+0000] {taskinstance.py:2613} INFO - Dependencies all met for dep_context=non-requeueable deps ti=<TaskInstance: data_quality_checks_dag.check_missing_values_products scheduled__2025-01-06T00:00:00+00:00 [queued]>
[2025-01-06T13:19:53.734+0000] {taskinstance.py:2613} INFO - Dependencies all met for dep_context=requeueable deps ti=<TaskInstance: data_quality_checks_dag.check_missing_values_products scheduled__2025-01-06T00:00:00+00:00 [queued]>
[2025-01-06T13:19:53.734+0000] {taskinstance.py:2866} INFO - Starting attempt 1 of 2
[2025-01-06T13:19:53.760+0000] {taskinstance.py:2889} INFO - Executing <Task(PythonOperator): check_missing_values_products> on 2025-01-06 00:00:00+00:00
[2025-01-06T13:19:53.777+0000] {warnings.py:112} WARNING - /home/***/.local/lib/python3.12/site-packages/***/task/task_runner/standard_task_runner.py:70: DeprecationWarning: This process (pid=95) is multi-threaded, use of fork() may lead to deadlocks in the child.
  pid = os.fork()

[2025-01-06T13:19:53.782+0000] {standard_task_runner.py:72} INFO - Started process 110 to run task
[2025-01-06T13:19:53.782+0000] {standard_task_runner.py:104} INFO - Running: ['***', 'tasks', 'run', 'data_quality_checks_dag', 'check_missing_values_products', 'scheduled__2025-01-06T00:00:00+00:00', '--job-id', '29', '--raw', '--subdir', 'DAGS_FOLDER/Data Quality Checks with Logging.py', '--cfg-path', '/tmp/tmpd4rzzgpp']
[2025-01-06T13:19:53.784+0000] {standard_task_runner.py:105} INFO - Job 29: Subtask check_missing_values_products
[2025-01-06T13:19:54.850+0000] {task_command.py:467} INFO - Running <TaskInstance: data_quality_checks_dag.check_missing_values_products scheduled__2025-01-06T00:00:00+00:00 [running]> on host ff2cd35e75e1
[2025-01-06T13:19:55.009+0000] {taskinstance.py:3132} INFO - Exporting env vars: AIRFLOW_CTX_DAG_OWNER='***' AIRFLOW_CTX_DAG_ID='data_quality_checks_dag' AIRFLOW_CTX_TASK_ID='check_missing_values_products' AIRFLOW_CTX_EXECUTION_DATE='2025-01-06T00:00:00+00:00' AIRFLOW_CTX_TRY_NUMBER='1' AIRFLOW_CTX_DAG_RUN_ID='scheduled__2025-01-06T00:00:00+00:00'
[2025-01-06T13:19:55.013+0000] {logging_mixin.py:190} INFO - Task instance is in running state
[2025-01-06T13:19:55.013+0000] {logging_mixin.py:190} INFO -  Previous state of the Task instance: queued
[2025-01-06T13:19:55.014+0000] {logging_mixin.py:190} INFO - Current task name:check_missing_values_products state:running start_date:2025-01-06 13:19:53.718040+00:00
[2025-01-06T13:19:55.015+0000] {logging_mixin.py:190} INFO - Dag name:data_quality_checks_dag and current dag run status:running
[2025-01-06T13:19:55.015+0000] {taskinstance.py:731} INFO - ::endgroup::
[2025-01-06T13:19:55.743+0000] {logging_mixin.py:190} INFO - No missing values found in table Products.
[2025-01-06T13:19:55.748+0000] {python.py:240} INFO - Done. Returned value was: None
[2025-01-06T13:19:55.797+0000] {taskinstance.py:340} INFO - ::group::Post task execution logs
[2025-01-06T13:19:55.799+0000] {taskinstance.py:352} INFO - Marking task as SUCCESS. dag_id=data_quality_checks_dag, task_id=check_missing_values_products, run_id=scheduled__2025-01-06T00:00:00+00:00, execution_date=20250106T000000, start_date=20250106T131953, end_date=20250106T131955
[2025-01-06T13:19:56.354+0000] {logging_mixin.py:190} INFO - Task instance in success state
[2025-01-06T13:19:56.360+0000] {logging_mixin.py:190} INFO -  Previous state of the Task instance: running
[2025-01-06T13:19:56.361+0000] {logging_mixin.py:190} INFO - Dag name:data_quality_checks_dag queued_at:2025-01-06 13:19:48.085092+00:00
[2025-01-06T13:19:56.361+0000] {logging_mixin.py:190} INFO - Task hostname:ff2cd35e75e1 operator:PythonOperator
[2025-01-06T13:19:56.417+0000] {local_task_job_runner.py:266} INFO - Task exited with return code 0
[2025-01-06T13:19:57.267+0000] {taskinstance.py:3895} INFO - 0 downstream tasks scheduled from follow-on schedule check
[2025-01-06T13:19:57.279+0000] {local_task_job_runner.py:245} INFO - ::endgroup::
