[2025-01-06T12:55:44.586+0000] {local_task_job_runner.py:123} INFO - ::group::Pre task execution logs
[2025-01-06T12:55:44.596+0000] {taskinstance.py:2613} INFO - Dependencies all met for dep_context=non-requeueable deps ti=<TaskInstance: csv_to_mssql_dag.insert_engine_orders manual__2025-01-06T12:55:04.265552+00:00 [queued]>
[2025-01-06T12:55:44.603+0000] {taskinstance.py:2613} INFO - Dependencies all met for dep_context=requeueable deps ti=<TaskInstance: csv_to_mssql_dag.insert_engine_orders manual__2025-01-06T12:55:04.265552+00:00 [queued]>
[2025-01-06T12:55:44.603+0000] {taskinstance.py:2866} INFO - Starting attempt 1 of 2
[2025-01-06T12:55:44.610+0000] {taskinstance.py:2889} INFO - Executing <Task(PythonOperator): insert_engine_orders> on 2025-01-06 12:55:04.265552+00:00
[2025-01-06T12:55:44.619+0000] {warnings.py:112} WARNING - /home/***/.local/lib/python3.12/site-packages/***/task/task_runner/standard_task_runner.py:70: DeprecationWarning: This process (pid=111) is multi-threaded, use of fork() may lead to deadlocks in the child.
  pid = os.fork()

[2025-01-06T12:55:44.620+0000] {standard_task_runner.py:72} INFO - Started process 112 to run task
[2025-01-06T12:55:44.621+0000] {standard_task_runner.py:104} INFO - Running: ['***', 'tasks', 'run', 'csv_to_mssql_dag', 'insert_engine_orders', 'manual__2025-01-06T12:55:04.265552+00:00', '--job-id', '14', '--raw', '--subdir', 'DAGS_FOLDER/csv_to_mssql_dag.py', '--cfg-path', '/tmp/tmpkonl0u_q']
[2025-01-06T12:55:44.622+0000] {standard_task_runner.py:105} INFO - Job 14: Subtask insert_engine_orders
[2025-01-06T12:55:44.923+0000] {task_command.py:467} INFO - Running <TaskInstance: csv_to_mssql_dag.insert_engine_orders manual__2025-01-06T12:55:04.265552+00:00 [running]> on host ff2cd35e75e1
[2025-01-06T12:55:44.971+0000] {taskinstance.py:3132} INFO - Exporting env vars: AIRFLOW_CTX_DAG_OWNER='***' AIRFLOW_CTX_DAG_ID='csv_to_mssql_dag' AIRFLOW_CTX_TASK_ID='insert_engine_orders' AIRFLOW_CTX_EXECUTION_DATE='2025-01-06T12:55:04.265552+00:00' AIRFLOW_CTX_TRY_NUMBER='1' AIRFLOW_CTX_DAG_RUN_ID='manual__2025-01-06T12:55:04.265552+00:00'
[2025-01-06T12:55:44.972+0000] {logging_mixin.py:190} INFO - Task instance is in running state
[2025-01-06T12:55:44.972+0000] {logging_mixin.py:190} INFO -  Previous state of the Task instance: queued
[2025-01-06T12:55:44.972+0000] {logging_mixin.py:190} INFO - Current task name:insert_engine_orders state:running start_date:2025-01-06 12:55:44.596641+00:00
[2025-01-06T12:55:44.972+0000] {logging_mixin.py:190} INFO - Dag name:csv_to_mssql_dag and current dag run status:running
[2025-01-06T12:55:44.973+0000] {taskinstance.py:731} INFO - ::endgroup::
[2025-01-06T12:55:44.987+0000] {logging_mixin.py:190} INFO - Loaded data from /opt/***/data/Engine_Orders.csv with 151 rows.
[2025-01-06T12:55:49.537+0000] {logging_mixin.py:190} INFO - Data from Engine_Orders.csv inserted into Engine_Orders.
[2025-01-06T12:55:49.545+0000] {python.py:240} INFO - Done. Returned value was: None
[2025-01-06T12:55:49.587+0000] {taskinstance.py:340} INFO - ::group::Post task execution logs
[2025-01-06T12:55:49.588+0000] {taskinstance.py:352} INFO - Marking task as SUCCESS. dag_id=csv_to_mssql_dag, task_id=insert_engine_orders, run_id=manual__2025-01-06T12:55:04.265552+00:00, execution_date=20250106T125504, start_date=20250106T125544, end_date=20250106T125549
[2025-01-06T12:55:49.619+0000] {logging_mixin.py:190} INFO - Task instance in success state
[2025-01-06T12:55:49.619+0000] {logging_mixin.py:190} INFO -  Previous state of the Task instance: running
[2025-01-06T12:55:49.620+0000] {logging_mixin.py:190} INFO - Dag name:csv_to_mssql_dag queued_at:2025-01-06 12:55:04.279217+00:00
[2025-01-06T12:55:49.620+0000] {logging_mixin.py:190} INFO - Task hostname:ff2cd35e75e1 operator:PythonOperator
[2025-01-06T12:55:50.161+0000] {local_task_job_runner.py:266} INFO - Task exited with return code 0
[2025-01-06T12:55:50.171+0000] {taskinstance.py:3895} INFO - 0 downstream tasks scheduled from follow-on schedule check
[2025-01-06T12:55:50.172+0000] {local_task_job_runner.py:245} INFO - ::endgroup::
